[INFO] Scanning for projects...
[WARNING] 
[WARNING] Some problems were encountered while building the effective model for com.datatrees.datacenter.binlog:binlog-core:jar:1.0-SNAPSHOT
[WARNING] 'build.plugins.plugin.version' for org.apache.maven.plugins:maven-compiler-plugin is missing. @ com.datatrees.datacenter.binlog:binlog-processor:1.0-SNAPSHOT, /Users/zxding1986/src/ideaworkbench/binlog-processor/pom.xml, line 265, column 21
[WARNING] 
[WARNING] Some problems were encountered while building the effective model for com.datatrees.datacenter.binlog:binlog-file:jar:1.0-SNAPSHOT
[WARNING] 'build.plugins.plugin.version' for org.apache.maven.plugins:maven-compiler-plugin is missing. @ com.datatrees.datacenter.binlog:binlog-processor:1.0-SNAPSHOT, /Users/zxding1986/src/ideaworkbench/binlog-processor/pom.xml, line 265, column 21
[WARNING] 
[WARNING] Some problems were encountered while building the effective model for com.datatrees.datacenter.binlog:binlog-resovler:jar:1.0-SNAPSHOT
[WARNING] 'build.plugins.plugin.version' for org.apache.maven.plugins:maven-compiler-plugin is missing. @ com.datatrees.datacenter.binlog:binlog-processor:1.0-SNAPSHOT, /Users/zxding1986/src/ideaworkbench/binlog-processor/pom.xml, line 265, column 21
[WARNING] 
[WARNING] Some problems were encountered while building the effective model for com.datatrees.datacenter.binlog:binlog-main:jar:1.0-SNAPSHOT
[WARNING] 'build.plugins.plugin.version' for org.apache.maven.plugins:maven-compiler-plugin is missing. @ com.datatrees.datacenter.binlog:binlog-processor:1.0-SNAPSHOT, /Users/zxding1986/src/ideaworkbench/binlog-processor/pom.xml, line 265, column 21
[WARNING] 
[WARNING] Some problems were encountered while building the effective model for com.datatrees.datacenter.binlog:binlog-service:jar:1.0-SNAPSHOT
[WARNING] 'build.plugins.plugin.version' for org.apache.maven.plugins:maven-compiler-plugin is missing. @ com.datatrees.datacenter.binlog:binlog-processor:1.0-SNAPSHOT, /Users/zxding1986/src/ideaworkbench/binlog-processor/pom.xml, line 265, column 21
[WARNING] 
[WARNING] Some problems were encountered while building the effective model for com.datatrees.datacenter.binlog:binlog-api:jar:1.0-SNAPSHOT
[WARNING] 'build.plugins.plugin.version' for org.apache.maven.plugins:maven-compiler-plugin is missing. @ com.datatrees.datacenter.binlog:binlog-processor:1.0-SNAPSHOT, /Users/zxding1986/src/ideaworkbench/binlog-processor/pom.xml, line 265, column 21
[WARNING] 
[WARNING] Some problems were encountered while building the effective model for com.datatrees.datacenter.binlog:binlog-comparer:jar:1.0-SNAPSHOT
[WARNING] 'build.plugins.plugin.version' for org.apache.maven.plugins:maven-compiler-plugin is missing. @ com.datatrees.datacenter.binlog:binlog-processor:1.0-SNAPSHOT, /Users/zxding1986/src/ideaworkbench/binlog-processor/pom.xml, line 265, column 21
[WARNING] 
[WARNING] Some problems were encountered while building the effective model for com.datatrees.datacenter.binlog:binlog-repair:jar:1.0-SNAPSHOT
[WARNING] 'build.plugins.plugin.version' for org.apache.maven.plugins:maven-compiler-plugin is missing. @ com.datatrees.datacenter.binlog:binlog-processor:1.0-SNAPSHOT, /Users/zxding1986/src/ideaworkbench/binlog-processor/pom.xml, line 265, column 21
[WARNING] 
[WARNING] Some problems were encountered while building the effective model for com.datatrees.datacenter.binlog:binlog-processor:pom:1.0-SNAPSHOT
[WARNING] 'build.plugins.plugin.version' for org.apache.maven.plugins:maven-compiler-plugin is missing. @ line 265, column 21
[WARNING] 
[WARNING] It is highly recommended to fix these problems because they threaten the stability of your build.
[WARNING] 
[WARNING] For this reason, future Maven versions might no longer support building such malformed projects.
[WARNING] 
[INFO] ------------------------------------------------------------------------
[INFO] Reactor Build Order:
[INFO] 
[INFO] binlog-processor                                                   [pom]
[INFO] binlog-core                                                        [jar]
[INFO] binlog-file                                                        [jar]
[INFO] binlog-resovler                                                    [jar]
[INFO] binlog-comparer                                                    [jar]
[INFO] binlog-api                                                         [jar]
[INFO] binlog-service                                                     [jar]
[INFO] binlog-repair                                                      [jar]
[INFO] binlog-main                                                        [jar]
Downloading from nexus: http://192.168.5.252:8081/nexus/content/groups/public/org/apache/maven/plugins/maven-compiler-plugin/maven-metadata.xml
Progress (1): 1.3 kB                    Downloaded from nexus: http://192.168.5.252:8081/nexus/content/groups/public/org/apache/maven/plugins/maven-compiler-plugin/maven-metadata.xml (1.3 kB at 10 kB/s)
[INFO] 
[INFO] ----------< com.datatrees.datacenter.binlog:binlog-processor >----------
[INFO] Building binlog-processor 1.0-SNAPSHOT                             [1/9]
[INFO] --------------------------------[ pom ]---------------------------------
[INFO] 
[INFO] --- maven-dependency-plugin:2.8:tree (default-cli) @ binlog-processor ---
[INFO] com.datatrees.datacenter.binlog:binlog-processor:pom:1.0-SNAPSHOT
[INFO] +- org.slf4j:slf4j-api:jar:1.7.21:compile
[INFO] +- ch.qos.logback:logback-core:jar:1.1.7:compile
[INFO] +- ch.qos.logback:logback-classic:jar:1.1.7:compile
[INFO] \- com.google.guava:guava:jar:13.0.1:compile
[INFO] 
[INFO] ------------< com.datatrees.datacenter.binlog:binlog-core >-------------
[INFO] Building binlog-core 1.0-SNAPSHOT                                  [2/9]
[INFO] --------------------------------[ jar ]---------------------------------
[INFO] 
[INFO] --- maven-dependency-plugin:2.8:tree (default-cli) @ binlog-core ---
[INFO] com.datatrees.datacenter.binlog:binlog-core:jar:1.0-SNAPSHOT
[INFO] +- redis.clients:jedis:jar:2.9.0:compile
[INFO] |  \- org.apache.commons:commons-pool2:jar:2.4.2:compile
[INFO] +- org.apache.commons:commons-lang3:jar:3.0:compile
[INFO] +- org.redisson:redisson:jar:3.6.0:compile
[INFO] |  +- io.netty:netty-common:jar:4.1.20.Final:compile
[INFO] |  +- io.netty:netty-codec:jar:4.1.20.Final:compile
[INFO] |  +- io.netty:netty-buffer:jar:4.1.20.Final:compile
[INFO] |  +- io.netty:netty-transport:jar:4.1.20.Final:compile
[INFO] |  |  \- io.netty:netty-resolver:jar:4.1.20.Final:compile
[INFO] |  +- io.netty:netty-resolver-dns:jar:4.1.20.Final:compile
[INFO] |  |  \- io.netty:netty-codec-dns:jar:4.1.20.Final:compile
[INFO] |  +- io.netty:netty-handler:jar:4.1.20.Final:compile
[INFO] |  +- javax.cache:cache-api:jar:1.0.0:compile
[INFO] |  +- io.projectreactor:reactor-core:jar:3.1.1.RELEASE:compile
[INFO] |  |  \- org.reactivestreams:reactive-streams:jar:1.0.1:compile
[INFO] |  +- com.fasterxml.jackson.dataformat:jackson-dataformat-yaml:jar:2.7.9:compile
[INFO] |  |  \- org.yaml:snakeyaml:jar:1.15:compile
[INFO] |  +- com.fasterxml.jackson.core:jackson-core:jar:2.7.9:compile
[INFO] |  +- com.fasterxml.jackson.core:jackson-databind:jar:2.7.9:compile
[INFO] |  |  \- com.fasterxml.jackson.core:jackson-annotations:jar:2.7.0:compile
[INFO] |  +- net.bytebuddy:byte-buddy:jar:1.6.14:compile
[INFO] |  \- org.jodd:jodd-bean:jar:3.7.1:compile
[INFO] |     \- org.jodd:jodd-core:jar:3.7.1:compile
[INFO] +- com.alibaba:fastjson:jar:1.2.7:compile
[INFO] +- org.apache.kafka:kafka-clients:jar:0.11.0.0:compile
[INFO] |  +- net.jpountz.lz4:lz4:jar:1.3.0:compile
[INFO] |  \- org.xerial.snappy:snappy-java:jar:1.1.2.6:compile
[INFO] +- mysql:mysql-connector-java:jar:5.1.36:compile
[INFO] +- com.mchange:c3p0:jar:0.9.2.1:compile
[INFO] |  \- com.mchange:mchange-commons-java:jar:0.2.3.4:compile
[INFO] +- org.apache.commons:commons-compress:jar:1.14:compile
[INFO] +- com.github.shyiko:mysql-binlog-connector-java:jar:0.13.0:compile
[INFO] +- com.rabbitmq:amqp-client:jar:4.2.0:compile
[INFO] +- org.apache.hadoop:hadoop-client:jar:2.6.5:compile
[INFO] |  +- org.apache.hadoop:hadoop-hdfs:jar:2.6.5:compile
[INFO] |  |  +- io.netty:netty:jar:3.6.2.Final:compile
[INFO] |  |  \- xerces:xercesImpl:jar:2.9.1:compile
[INFO] |  |     \- xml-apis:xml-apis:jar:1.3.04:compile
[INFO] |  +- org.apache.hadoop:hadoop-mapreduce-client-app:jar:2.6.5:compile
[INFO] |  |  +- org.apache.hadoop:hadoop-mapreduce-client-common:jar:2.6.5:compile
[INFO] |  |  |  +- org.apache.hadoop:hadoop-yarn-client:jar:2.6.5:compile
[INFO] |  |  |  \- org.apache.hadoop:hadoop-yarn-server-common:jar:2.6.5:compile
[INFO] |  |  \- org.apache.hadoop:hadoop-mapreduce-client-shuffle:jar:2.6.5:compile
[INFO] |  |     \- org.fusesource.leveldbjni:leveldbjni-all:jar:1.8:compile
[INFO] |  +- org.apache.hadoop:hadoop-yarn-api:jar:2.6.5:compile
[INFO] |  +- org.apache.hadoop:hadoop-mapreduce-client-core:jar:2.6.5:compile
[INFO] |  |  \- org.apache.hadoop:hadoop-yarn-common:jar:2.6.5:compile
[INFO] |  |     +- javax.xml.bind:jaxb-api:jar:2.2.2:compile
[INFO] |  |     |  +- javax.xml.stream:stax-api:jar:1.0-2:compile
[INFO] |  |     |  \- javax.activation:activation:jar:1.1:compile
[INFO] |  |     \- com.sun.jersey:jersey-client:jar:1.9:compile
[INFO] |  +- org.apache.hadoop:hadoop-mapreduce-client-jobclient:jar:2.6.5:compile
[INFO] |  \- org.apache.hadoop:hadoop-annotations:jar:2.6.5:compile
[INFO] +- org.apache.hadoop:hadoop-common:jar:2.6.5:compile
[INFO] |  +- commons-cli:commons-cli:jar:1.2:compile
[INFO] |  +- org.apache.commons:commons-math3:jar:3.1.1:compile
[INFO] |  +- xmlenc:xmlenc:jar:0.52:compile
[INFO] |  +- commons-httpclient:commons-httpclient:jar:3.1:compile
[INFO] |  +- commons-codec:commons-codec:jar:1.4:compile
[INFO] |  +- commons-io:commons-io:jar:2.4:compile
[INFO] |  +- commons-net:commons-net:jar:3.1:compile
[INFO] |  +- commons-collections:commons-collections:jar:3.2.2:compile
[INFO] |  +- javax.servlet:servlet-api:jar:2.5:compile
[INFO] |  +- org.mortbay.jetty:jetty:jar:6.1.26:compile
[INFO] |  +- org.mortbay.jetty:jetty-util:jar:6.1.26:compile
[INFO] |  +- com.sun.jersey:jersey-core:jar:1.9:compile
[INFO] |  +- com.sun.jersey:jersey-json:jar:1.9:compile
[INFO] |  |  +- org.codehaus.jettison:jettison:jar:1.1:compile
[INFO] |  |  +- com.sun.xml.bind:jaxb-impl:jar:2.2.3-1:compile
[INFO] |  |  +- org.codehaus.jackson:jackson-jaxrs:jar:1.8.3:compile
[INFO] |  |  \- org.codehaus.jackson:jackson-xc:jar:1.8.3:compile
[INFO] |  +- com.sun.jersey:jersey-server:jar:1.9:compile
[INFO] |  |  \- asm:asm:jar:3.1:compile
[INFO] |  +- tomcat:jasper-compiler:jar:5.5.23:runtime
[INFO] |  +- tomcat:jasper-runtime:jar:5.5.23:runtime
[INFO] |  +- javax.servlet.jsp:jsp-api:jar:2.1:runtime
[INFO] |  +- commons-el:commons-el:jar:1.0:runtime
[INFO] |  +- commons-logging:commons-logging:jar:1.1.3:compile
[INFO] |  +- log4j:log4j:jar:1.2.17:compile
[INFO] |  +- net.java.dev.jets3t:jets3t:jar:0.9.0:compile
[INFO] |  |  +- org.apache.httpcomponents:httpclient:jar:4.1.2:compile
[INFO] |  |  +- org.apache.httpcomponents:httpcore:jar:4.1.2:compile
[INFO] |  |  \- com.jamesmurty.utils:java-xmlbuilder:jar:0.4:compile
[INFO] |  +- commons-lang:commons-lang:jar:2.6:compile
[INFO] |  +- commons-configuration:commons-configuration:jar:1.6:compile
[INFO] |  |  +- commons-digester:commons-digester:jar:1.8:compile
[INFO] |  |  |  \- commons-beanutils:commons-beanutils:jar:1.7.0:compile
[INFO] |  |  \- commons-beanutils:commons-beanutils-core:jar:1.8.0:compile
[INFO] |  +- org.slf4j:slf4j-log4j12:jar:1.7.5:compile
[INFO] |  +- org.codehaus.jackson:jackson-core-asl:jar:1.9.13:compile
[INFO] |  +- org.codehaus.jackson:jackson-mapper-asl:jar:1.9.13:compile
[INFO] |  +- org.apache.avro:avro:jar:1.8.2:compile
[INFO] |  |  +- com.thoughtworks.paranamer:paranamer:jar:2.7:compile
[INFO] |  |  \- org.tukaani:xz:jar:1.5:compile
[INFO] |  +- com.google.protobuf:protobuf-java:jar:2.5.0:compile
[INFO] |  +- com.google.code.gson:gson:jar:2.2.4:compile
[INFO] |  +- org.apache.hadoop:hadoop-auth:jar:2.6.5:compile
[INFO] |  |  +- org.apache.directory.server:apacheds-kerberos-codec:jar:2.0.0-M15:compile
[INFO] |  |  |  +- org.apache.directory.server:apacheds-i18n:jar:2.0.0-M15:compile
[INFO] |  |  |  +- org.apache.directory.api:api-asn1-api:jar:1.0.0-M20:compile
[INFO] |  |  |  \- org.apache.directory.api:api-util:jar:1.0.0-M20:compile
[INFO] |  |  \- org.apache.curator:curator-framework:jar:2.6.0:compile
[INFO] |  +- com.jcraft:jsch:jar:0.1.42:compile
[INFO] |  +- org.apache.curator:curator-client:jar:2.6.0:compile
[INFO] |  +- org.apache.curator:curator-recipes:jar:2.6.0:compile
[INFO] |  +- com.google.code.findbugs:jsr305:jar:1.3.9:compile
[INFO] |  +- org.htrace:htrace-core:jar:3.0.4:compile
[INFO] |  \- org.apache.zookeeper:zookeeper:jar:3.4.6:compile
[INFO] +- io.prometheus:simpleclient_httpserver:jar:0.4.0:compile
[INFO] |  +- io.prometheus:simpleclient:jar:0.4.0:compile
[INFO] |  \- io.prometheus:simpleclient_common:jar:0.4.0:compile
[INFO] +- org.slf4j:slf4j-api:jar:1.7.21:compile
[INFO] +- ch.qos.logback:logback-core:jar:1.1.7:compile
[INFO] +- ch.qos.logback:logback-classic:jar:1.1.7:compile
[INFO] \- com.google.guava:guava:jar:13.0.1:compile
[INFO] 
[INFO] ------------< com.datatrees.datacenter.binlog:binlog-file >-------------
[INFO] Building binlog-file 1.0-SNAPSHOT                                  [3/9]
[INFO] --------------------------------[ jar ]---------------------------------
Downloading from nexus: http://192.168.5.252:8081/nexus/content/groups/public/com/datatrees/datacenter/binlog/binlog-core/1.0-SNAPSHOT/maven-metadata.xml
Progress (1): 960 B                   Downloaded from nexus: http://192.168.5.252:8081/nexus/content/groups/public/com/datatrees/datacenter/binlog/binlog-core/1.0-SNAPSHOT/maven-metadata.xml (960 B at 19 kB/s)
[INFO] 
[INFO] --- maven-dependency-plugin:2.8:tree (default-cli) @ binlog-file ---
[INFO] com.datatrees.datacenter.binlog:binlog-file:jar:1.0-SNAPSHOT
[INFO] +- com.aliyun:aliyun-java-sdk-core:jar:4.0.0:compile
[INFO] |  +- com.google.code.gson:gson:jar:2.8.2:compile
[INFO] |  +- org.apache.httpcomponents:httpclient:jar:4.5.3:compile
[INFO] |  |  \- org.apache.httpcomponents:httpcore:jar:4.4.6:compile
[INFO] |  +- javax.xml.bind:jaxb-api:jar:2.3.0:compile
[INFO] |  +- com.sun.xml.bind:jaxb-core:jar:2.3.0:compile
[INFO] |  +- com.sun.xml.bind:jaxb-impl:jar:2.3.0:compile
[INFO] |  \- javax.activation:activation:jar:1.1.1:compile
[INFO] +- com.aliyun:aliyun-java-sdk-rds:jar:2.1.2:compile
[INFO] +- javatar:javatar:jar:2.5:compile
[INFO] +- org.apache.commons:commons-compress:jar:1.14:compile
[INFO] +- org.apache.hadoop:hadoop-client:jar:2.6.5:compile
[INFO] |  +- org.apache.hadoop:hadoop-hdfs:jar:2.6.5:compile
[INFO] |  |  +- io.netty:netty:jar:3.6.2.Final:compile
[INFO] |  |  \- xerces:xercesImpl:jar:2.9.1:compile
[INFO] |  |     \- xml-apis:xml-apis:jar:1.3.04:compile
[INFO] |  +- org.apache.hadoop:hadoop-mapreduce-client-app:jar:2.6.5:compile
[INFO] |  |  +- org.apache.hadoop:hadoop-mapreduce-client-common:jar:2.6.5:compile
[INFO] |  |  |  +- org.apache.hadoop:hadoop-yarn-client:jar:2.6.5:compile
[INFO] |  |  |  \- org.apache.hadoop:hadoop-yarn-server-common:jar:2.6.5:compile
[INFO] |  |  \- org.apache.hadoop:hadoop-mapreduce-client-shuffle:jar:2.6.5:compile
[INFO] |  |     \- org.fusesource.leveldbjni:leveldbjni-all:jar:1.8:compile
[INFO] |  +- org.apache.hadoop:hadoop-yarn-api:jar:2.6.5:compile
[INFO] |  +- org.apache.hadoop:hadoop-mapreduce-client-core:jar:2.6.5:compile
[INFO] |  |  \- org.apache.hadoop:hadoop-yarn-common:jar:2.6.5:compile
[INFO] |  |     \- com.sun.jersey:jersey-client:jar:1.9:compile
[INFO] |  +- org.apache.hadoop:hadoop-mapreduce-client-jobclient:jar:2.6.5:compile
[INFO] |  \- org.apache.hadoop:hadoop-annotations:jar:2.6.5:compile
[INFO] +- org.apache.hadoop:hadoop-common:jar:2.6.5:compile
[INFO] |  +- commons-cli:commons-cli:jar:1.2:compile
[INFO] |  +- org.apache.commons:commons-math3:jar:3.1.1:compile
[INFO] |  +- xmlenc:xmlenc:jar:0.52:compile
[INFO] |  +- commons-httpclient:commons-httpclient:jar:3.1:compile
[INFO] |  +- commons-codec:commons-codec:jar:1.4:compile
[INFO] |  +- commons-io:commons-io:jar:2.4:compile
[INFO] |  +- commons-net:commons-net:jar:3.1:compile
[INFO] |  +- commons-collections:commons-collections:jar:3.2.2:compile
[INFO] |  +- javax.servlet:servlet-api:jar:2.5:compile
[INFO] |  +- org.mortbay.jetty:jetty:jar:6.1.26:compile
[INFO] |  +- org.mortbay.jetty:jetty-util:jar:6.1.26:compile
[INFO] |  +- com.sun.jersey:jersey-core:jar:1.9:compile
[INFO] |  +- com.sun.jersey:jersey-json:jar:1.9:compile
[INFO] |  |  +- org.codehaus.jettison:jettison:jar:1.1:compile
[INFO] |  |  +- org.codehaus.jackson:jackson-jaxrs:jar:1.8.3:compile
[INFO] |  |  \- org.codehaus.jackson:jackson-xc:jar:1.8.3:compile
[INFO] |  +- com.sun.jersey:jersey-server:jar:1.9:compile
[INFO] |  |  \- asm:asm:jar:3.1:compile
[INFO] |  +- tomcat:jasper-compiler:jar:5.5.23:runtime
[INFO] |  +- tomcat:jasper-runtime:jar:5.5.23:runtime
[INFO] |  +- javax.servlet.jsp:jsp-api:jar:2.1:runtime
[INFO] |  +- commons-el:commons-el:jar:1.0:runtime
[INFO] |  +- commons-logging:commons-logging:jar:1.1.3:compile
[INFO] |  +- log4j:log4j:jar:1.2.17:compile
[INFO] |  +- net.java.dev.jets3t:jets3t:jar:0.9.0:compile
[INFO] |  |  \- com.jamesmurty.utils:java-xmlbuilder:jar:0.4:compile
[INFO] |  +- commons-lang:commons-lang:jar:2.6:compile
[INFO] |  +- commons-configuration:commons-configuration:jar:1.6:compile
[INFO] |  |  +- commons-digester:commons-digester:jar:1.8:compile
[INFO] |  |  |  \- commons-beanutils:commons-beanutils:jar:1.7.0:compile
[INFO] |  |  \- commons-beanutils:commons-beanutils-core:jar:1.8.0:compile
[INFO] |  +- org.slf4j:slf4j-log4j12:jar:1.7.5:compile
[INFO] |  +- org.codehaus.jackson:jackson-core-asl:jar:1.9.13:compile
[INFO] |  +- org.codehaus.jackson:jackson-mapper-asl:jar:1.9.13:compile
[INFO] |  +- org.apache.avro:avro:jar:1.8.2:compile
[INFO] |  |  +- com.thoughtworks.paranamer:paranamer:jar:2.7:compile
[INFO] |  |  +- org.xerial.snappy:snappy-java:jar:1.1.1.3:compile
[INFO] |  |  \- org.tukaani:xz:jar:1.5:compile
[INFO] |  +- com.google.protobuf:protobuf-java:jar:2.5.0:compile
[INFO] |  +- org.apache.hadoop:hadoop-auth:jar:2.6.5:compile
[INFO] |  |  +- org.apache.directory.server:apacheds-kerberos-codec:jar:2.0.0-M15:compile
[INFO] |  |  |  +- org.apache.directory.server:apacheds-i18n:jar:2.0.0-M15:compile
[INFO] |  |  |  +- org.apache.directory.api:api-asn1-api:jar:1.0.0-M20:compile
[INFO] |  |  |  \- org.apache.directory.api:api-util:jar:1.0.0-M20:compile
[INFO] |  |  \- org.apache.curator:curator-framework:jar:2.6.0:compile
[INFO] |  +- com.jcraft:jsch:jar:0.1.42:compile
[INFO] |  +- org.apache.curator:curator-client:jar:2.6.0:compile
[INFO] |  +- org.apache.curator:curator-recipes:jar:2.6.0:compile
[INFO] |  +- com.google.code.findbugs:jsr305:jar:1.3.9:compile
[INFO] |  +- org.htrace:htrace-core:jar:3.0.4:compile
[INFO] |  \- org.apache.zookeeper:zookeeper:jar:3.4.6:compile
[INFO] +- com.datatrees.datacenter.binlog:binlog-core:jar:1.0-SNAPSHOT:compile
[INFO] |  +- redis.clients:jedis:jar:2.9.0:compile
[INFO] |  |  \- org.apache.commons:commons-pool2:jar:2.4.2:compile
[INFO] |  +- org.apache.commons:commons-lang3:jar:3.0:compile
[INFO] |  +- org.redisson:redisson:jar:3.6.0:compile
[INFO] |  |  +- io.netty:netty-common:jar:4.1.20.Final:compile
[INFO] |  |  +- io.netty:netty-codec:jar:4.1.20.Final:compile
[INFO] |  |  +- io.netty:netty-buffer:jar:4.1.20.Final:compile
[INFO] |  |  +- io.netty:netty-transport:jar:4.1.20.Final:compile
[INFO] |  |  |  \- io.netty:netty-resolver:jar:4.1.20.Final:compile
[INFO] |  |  +- io.netty:netty-resolver-dns:jar:4.1.20.Final:compile
[INFO] |  |  |  \- io.netty:netty-codec-dns:jar:4.1.20.Final:compile
[INFO] |  |  +- io.netty:netty-handler:jar:4.1.20.Final:compile
[INFO] |  |  +- javax.cache:cache-api:jar:1.0.0:compile
[INFO] |  |  +- io.projectreactor:reactor-core:jar:3.1.1.RELEASE:compile
[INFO] |  |  |  \- org.reactivestreams:reactive-streams:jar:1.0.1:compile
[INFO] |  |  +- com.fasterxml.jackson.dataformat:jackson-dataformat-yaml:jar:2.7.9:compile
[INFO] |  |  |  \- org.yaml:snakeyaml:jar:1.15:compile
[INFO] |  |  +- com.fasterxml.jackson.core:jackson-core:jar:2.7.9:compile
[INFO] |  |  +- com.fasterxml.jackson.core:jackson-databind:jar:2.7.9:compile
[INFO] |  |  |  \- com.fasterxml.jackson.core:jackson-annotations:jar:2.7.0:compile
[INFO] |  |  +- net.bytebuddy:byte-buddy:jar:1.6.14:compile
[INFO] |  |  \- org.jodd:jodd-bean:jar:3.7.1:compile
[INFO] |  |     \- org.jodd:jodd-core:jar:3.7.1:compile
[INFO] |  +- com.alibaba:fastjson:jar:1.2.7:compile
[INFO] |  +- org.apache.kafka:kafka-clients:jar:0.11.0.0:compile
[INFO] |  |  \- net.jpountz.lz4:lz4:jar:1.3.0:compile
[INFO] |  +- mysql:mysql-connector-java:jar:5.1.36:compile
[INFO] |  +- com.mchange:c3p0:jar:0.9.2.1:compile
[INFO] |  |  \- com.mchange:mchange-commons-java:jar:0.2.3.4:compile
[INFO] |  +- com.github.shyiko:mysql-binlog-connector-java:jar:0.13.0:compile
[INFO] |  +- com.rabbitmq:amqp-client:jar:4.2.0:compile
[INFO] |  \- io.prometheus:simpleclient_httpserver:jar:0.4.0:compile
[INFO] |     +- io.prometheus:simpleclient:jar:0.4.0:compile
[INFO] |     \- io.prometheus:simpleclient_common:jar:0.4.0:compile
[INFO] +- ch.ethz.ganymed:ganymed-ssh2:jar:build210:compile
[INFO] +- org.slf4j:slf4j-api:jar:1.7.21:compile
[INFO] +- ch.qos.logback:logback-core:jar:1.1.7:compile
[INFO] +- ch.qos.logback:logback-classic:jar:1.1.7:compile
[INFO] \- com.google.guava:guava:jar:13.0.1:compile
[INFO] 
[INFO] ----------< com.datatrees.datacenter.binlog:binlog-resovler >-----------
[INFO] Building binlog-resovler 1.0-SNAPSHOT                              [4/9]
[INFO] --------------------------------[ jar ]---------------------------------
Downloading from nexus: http://192.168.5.252:8081/nexus/content/groups/public/com/callfire/avro-schema-generator/0.0.1-SNAPSHOT/maven-metadata.xml
Progress (1): 997 B                   Downloaded from nexus: http://192.168.5.252:8081/nexus/content/groups/public/com/callfire/avro-schema-generator/0.0.1-SNAPSHOT/maven-metadata.xml (997 B at 40 kB/s)
[INFO] 
[INFO] --- maven-dependency-plugin:2.8:tree (default-cli) @ binlog-resovler ---
[INFO] com.datatrees.datacenter.binlog:binlog-resovler:jar:1.0-SNAPSHOT
[INFO] +- org.apache.avro:avro:jar:1.8.2:compile
[INFO] |  +- org.codehaus.jackson:jackson-core-asl:jar:1.9.13:compile
[INFO] |  +- org.codehaus.jackson:jackson-mapper-asl:jar:1.9.13:compile
[INFO] |  +- com.thoughtworks.paranamer:paranamer:jar:2.7:compile
[INFO] |  +- org.xerial.snappy:snappy-java:jar:1.1.1.3:compile
[INFO] |  +- org.apache.commons:commons-compress:jar:1.8.1:compile
[INFO] |  \- org.tukaani:xz:jar:1.5:compile
[INFO] +- org.apache.avro:avro-mapred:jar:1.8.2:compile
[INFO] |  +- org.apache.avro:avro-ipc:jar:1.8.2:compile
[INFO] |  |  +- org.apache.velocity:velocity:jar:1.7:compile
[INFO] |  |  \- org.mortbay.jetty:servlet-api:jar:2.5-20081211:compile
[INFO] |  \- commons-codec:commons-codec:jar:1.9:compile
[INFO] +- org.apache.hadoop:hadoop-hdfs:jar:2.6.5:compile
[INFO] |  +- org.mortbay.jetty:jetty:jar:6.1.26:compile
[INFO] |  +- org.mortbay.jetty:jetty-util:jar:6.1.26:compile
[INFO] |  +- com.sun.jersey:jersey-core:jar:1.9:compile
[INFO] |  +- com.sun.jersey:jersey-server:jar:1.9:compile
[INFO] |  |  \- asm:asm:jar:3.1:compile
[INFO] |  +- commons-cli:commons-cli:jar:1.2:compile
[INFO] |  +- commons-io:commons-io:jar:2.4:compile
[INFO] |  +- commons-lang:commons-lang:jar:2.6:compile
[INFO] |  +- commons-logging:commons-logging:jar:1.1.3:compile
[INFO] |  +- commons-daemon:commons-daemon:jar:1.0.13:compile
[INFO] |  +- javax.servlet.jsp:jsp-api:jar:2.1:compile
[INFO] |  +- com.google.protobuf:protobuf-java:jar:2.5.0:compile
[INFO] |  +- javax.servlet:servlet-api:jar:2.5:compile
[INFO] |  +- tomcat:jasper-runtime:jar:5.5.23:compile
[INFO] |  +- xmlenc:xmlenc:jar:0.52:compile
[INFO] |  +- io.netty:netty:jar:3.6.2.Final:compile
[INFO] |  +- xerces:xercesImpl:jar:2.9.1:compile
[INFO] |  |  \- xml-apis:xml-apis:jar:1.3.04:compile
[INFO] |  \- org.htrace:htrace-core:jar:3.0.4:compile
[INFO] +- org.apache.hadoop:hadoop-common:jar:2.6.5:compile
[INFO] |  +- org.apache.hadoop:hadoop-annotations:jar:2.6.5:compile
[INFO] |  +- org.apache.commons:commons-math3:jar:3.1.1:compile
[INFO] |  +- commons-httpclient:commons-httpclient:jar:3.1:compile
[INFO] |  +- commons-net:commons-net:jar:3.1:compile
[INFO] |  +- commons-collections:commons-collections:jar:3.2.2:compile
[INFO] |  +- com.sun.jersey:jersey-json:jar:1.9:compile
[INFO] |  |  +- org.codehaus.jettison:jettison:jar:1.1:compile
[INFO] |  |  +- com.sun.xml.bind:jaxb-impl:jar:2.2.3-1:compile
[INFO] |  |  |  \- javax.xml.bind:jaxb-api:jar:2.2.2:compile
[INFO] |  |  |     +- javax.xml.stream:stax-api:jar:1.0-2:compile
[INFO] |  |  |     \- javax.activation:activation:jar:1.1:compile
[INFO] |  |  +- org.codehaus.jackson:jackson-jaxrs:jar:1.8.3:compile
[INFO] |  |  \- org.codehaus.jackson:jackson-xc:jar:1.8.3:compile
[INFO] |  +- tomcat:jasper-compiler:jar:5.5.23:runtime
[INFO] |  +- commons-el:commons-el:jar:1.0:compile
[INFO] |  +- log4j:log4j:jar:1.2.17:compile
[INFO] |  +- net.java.dev.jets3t:jets3t:jar:0.9.0:compile
[INFO] |  |  +- org.apache.httpcomponents:httpclient:jar:4.1.2:compile
[INFO] |  |  +- org.apache.httpcomponents:httpcore:jar:4.1.2:compile
[INFO] |  |  \- com.jamesmurty.utils:java-xmlbuilder:jar:0.4:compile
[INFO] |  +- commons-configuration:commons-configuration:jar:1.6:compile
[INFO] |  |  +- commons-digester:commons-digester:jar:1.8:compile
[INFO] |  |  |  \- commons-beanutils:commons-beanutils:jar:1.7.0:compile
[INFO] |  |  \- commons-beanutils:commons-beanutils-core:jar:1.8.0:compile
[INFO] |  +- org.slf4j:slf4j-log4j12:jar:1.7.5:compile
[INFO] |  +- com.google.code.gson:gson:jar:2.2.4:compile
[INFO] |  +- org.apache.hadoop:hadoop-auth:jar:2.6.5:compile
[INFO] |  |  +- org.apache.directory.server:apacheds-kerberos-codec:jar:2.0.0-M15:compile
[INFO] |  |  |  +- org.apache.directory.server:apacheds-i18n:jar:2.0.0-M15:compile
[INFO] |  |  |  +- org.apache.directory.api:api-asn1-api:jar:1.0.0-M20:compile
[INFO] |  |  |  \- org.apache.directory.api:api-util:jar:1.0.0-M20:compile
[INFO] |  |  \- org.apache.curator:curator-framework:jar:2.6.0:compile
[INFO] |  +- com.jcraft:jsch:jar:0.1.42:compile
[INFO] |  +- org.apache.curator:curator-client:jar:2.6.0:compile
[INFO] |  +- org.apache.curator:curator-recipes:jar:2.6.0:compile
[INFO] |  +- com.google.code.findbugs:jsr305:jar:1.3.9:compile
[INFO] |  \- org.apache.zookeeper:zookeeper:jar:3.4.6:compile
[INFO] +- org.apache.hadoop:hadoop-client:jar:2.6.5:compile
[INFO] |  +- org.apache.hadoop:hadoop-mapreduce-client-app:jar:2.6.5:compile
[INFO] |  |  +- org.apache.hadoop:hadoop-mapreduce-client-common:jar:2.6.5:compile
[INFO] |  |  |  +- org.apache.hadoop:hadoop-yarn-client:jar:2.6.5:compile
[INFO] |  |  |  \- org.apache.hadoop:hadoop-yarn-server-common:jar:2.6.5:compile
[INFO] |  |  \- org.apache.hadoop:hadoop-mapreduce-client-shuffle:jar:2.6.5:compile
[INFO] |  |     \- org.fusesource.leveldbjni:leveldbjni-all:jar:1.8:compile
[INFO] |  +- org.apache.hadoop:hadoop-yarn-api:jar:2.6.5:compile
[INFO] |  +- org.apache.hadoop:hadoop-mapreduce-client-core:jar:2.6.5:compile
[INFO] |  |  \- org.apache.hadoop:hadoop-yarn-common:jar:2.6.5:compile
[INFO] |  |     \- com.sun.jersey:jersey-client:jar:1.9:compile
[INFO] |  \- org.apache.hadoop:hadoop-mapreduce-client-jobclient:jar:2.6.5:compile
[INFO] +- joda-time:joda-time:jar:2.10:compile
[INFO] +- com.datatrees.datacenter.binlog:binlog-core:jar:1.0-SNAPSHOT:compile
[INFO] |  +- redis.clients:jedis:jar:2.9.0:compile
[INFO] |  |  \- org.apache.commons:commons-pool2:jar:2.4.2:compile
[INFO] |  +- org.apache.commons:commons-lang3:jar:3.0:compile
[INFO] |  +- org.redisson:redisson:jar:3.6.0:compile
[INFO] |  |  +- io.netty:netty-common:jar:4.1.20.Final:compile
[INFO] |  |  +- io.netty:netty-codec:jar:4.1.20.Final:compile
[INFO] |  |  +- io.netty:netty-buffer:jar:4.1.20.Final:compile
[INFO] |  |  +- io.netty:netty-transport:jar:4.1.20.Final:compile
[INFO] |  |  |  \- io.netty:netty-resolver:jar:4.1.20.Final:compile
[INFO] |  |  +- io.netty:netty-resolver-dns:jar:4.1.20.Final:compile
[INFO] |  |  |  \- io.netty:netty-codec-dns:jar:4.1.20.Final:compile
[INFO] |  |  +- io.netty:netty-handler:jar:4.1.20.Final:compile
[INFO] |  |  +- javax.cache:cache-api:jar:1.0.0:compile
[INFO] |  |  +- io.projectreactor:reactor-core:jar:3.1.1.RELEASE:compile
[INFO] |  |  |  \- org.reactivestreams:reactive-streams:jar:1.0.1:compile
[INFO] |  |  +- com.fasterxml.jackson.dataformat:jackson-dataformat-yaml:jar:2.7.9:compile
[INFO] |  |  |  \- org.yaml:snakeyaml:jar:1.15:compile
[INFO] |  |  +- com.fasterxml.jackson.core:jackson-core:jar:2.7.9:compile
[INFO] |  |  +- com.fasterxml.jackson.core:jackson-databind:jar:2.7.9:compile
[INFO] |  |  |  \- com.fasterxml.jackson.core:jackson-annotations:jar:2.7.0:compile
[INFO] |  |  +- net.bytebuddy:byte-buddy:jar:1.6.14:compile
[INFO] |  |  \- org.jodd:jodd-bean:jar:3.7.1:compile
[INFO] |  |     \- org.jodd:jodd-core:jar:3.7.1:compile
[INFO] |  +- com.alibaba:fastjson:jar:1.2.7:compile
[INFO] |  +- org.apache.kafka:kafka-clients:jar:0.11.0.0:compile
[INFO] |  |  \- net.jpountz.lz4:lz4:jar:1.3.0:compile
[INFO] |  +- mysql:mysql-connector-java:jar:5.1.36:compile
[INFO] |  +- com.mchange:c3p0:jar:0.9.2.1:compile
[INFO] |  |  \- com.mchange:mchange-commons-java:jar:0.2.3.4:compile
[INFO] |  +- com.rabbitmq:amqp-client:jar:4.2.0:compile
[INFO] |  \- io.prometheus:simpleclient_httpserver:jar:0.4.0:compile
[INFO] |     +- io.prometheus:simpleclient:jar:0.4.0:compile
[INFO] |     \- io.prometheus:simpleclient_common:jar:0.4.0:compile
[INFO] +- com.github.shyiko:mysql-binlog-connector-java:jar:0.13.0:compile
[INFO] +- org.javatuples:javatuples:jar:1.1:compile
[INFO] +- com.callfire:avro-schema-generator:jar:0.0.1-SNAPSHOT:compile
[INFO] |  +- us.fatehi:schemacrawler-mysql:jar:14.16.03:compile
[INFO] |  |  \- us.fatehi:schemacrawler:jar:14.16.03:compile
[INFO] |  \- org.modeshape:modeshape-common:jar:5.3.0.Final:compile
[INFO] |     \- com.h2database:h2:jar:1.4.191:compile
[INFO] +- org.slf4j:slf4j-api:jar:1.7.21:compile
[INFO] +- ch.qos.logback:logback-core:jar:1.1.7:compile
[INFO] +- ch.qos.logback:logback-classic:jar:1.1.7:compile
[INFO] \- com.google.guava:guava:jar:13.0.1:compile
[INFO] 
[INFO] ----------< com.datatrees.datacenter.binlog:binlog-comparer >-----------
[INFO] Building binlog-comparer 1.0-SNAPSHOT                              [5/9]
[INFO] --------------------------------[ jar ]---------------------------------
Downloading from nexus: http://192.168.5.252:8081/nexus/content/groups/public/com/datatrees/datacenter/binlog/binlog-resovler/1.0-SNAPSHOT/maven-metadata.xml
Downloading from cloudera: https://repository.cloudera.com/artifactory/cloudera-repos/com/datatrees/datacenter/binlog/binlog-resovler/1.0-SNAPSHOT/maven-metadata.xml
Progress (1): 964 B                   Downloaded from nexus: http://192.168.5.252:8081/nexus/content/groups/public/com/datatrees/datacenter/binlog/binlog-resovler/1.0-SNAPSHOT/maven-metadata.xml (964 B at 36 kB/s)
Downloading from cloudera: https://repository.cloudera.com/artifactory/cloudera-repos/com/datatrees/datacenter/binlog/binlog-core/1.0-SNAPSHOT/maven-metadata.xml
[INFO] 
[INFO] --- maven-dependency-plugin:2.8:tree (default-cli) @ binlog-comparer ---
[INFO] com.datatrees.datacenter.binlog:binlog-comparer:jar:1.0-SNAPSHOT
[INFO] +- org.apache.avro:avro:jar:1.8.2:compile
[INFO] |  +- org.codehaus.jackson:jackson-core-asl:jar:1.9.13:compile
[INFO] |  +- org.codehaus.jackson:jackson-mapper-asl:jar:1.9.13:compile
[INFO] |  +- com.thoughtworks.paranamer:paranamer:jar:2.7:compile
[INFO] |  +- org.xerial.snappy:snappy-java:jar:1.1.1.3:compile
[INFO] |  +- org.apache.commons:commons-compress:jar:1.8.1:compile
[INFO] |  \- org.tukaani:xz:jar:1.5:compile
[INFO] +- org.apache.avro:avro-tools:jar:1.8.2:compile
[INFO] |  +- org.apache.avro:avro-mapred:jar:1.8.2:compile
[INFO] |  +- commons-cli:commons-cli:jar:1.2:compile
[INFO] |  +- commons-logging:commons-logging:jar:1.1.1:compile
[INFO] |  +- commons-httpclient:commons-httpclient:jar:3.1:compile
[INFO] |  +- org.apache.avro:trevni-core:jar:1.8.2:compile
[INFO] |  +- org.apache.avro:trevni-avro:jar:1.8.2:compile
[INFO] |  |  \- org.apache.avro:avro-mapred:jar:hadoop2:1.8.2:compile
[INFO] |  +- org.apache.avro:trevni-core:jar:tests:1.8.2:compile
[INFO] |  +- org.apache.avro:trevni-avro:jar:tests:1.8.2:compile
[INFO] |  +- net.sf.jopt-simple:jopt-simple:jar:4.7:compile
[INFO] |  \- com.github.stephenc.findbugs:findbugs-annotations:jar:1.3.9-1:compile
[INFO] +- org.apache.avro:avro-compiler:jar:1.8.2:compile
[INFO] |  +- commons-lang:commons-lang:jar:2.6:compile
[INFO] |  +- org.apache.velocity:velocity:jar:1.7:compile
[INFO] |  |  \- commons-collections:commons-collections:jar:3.2.1:compile
[INFO] |  \- joda-time:joda-time:jar:2.10:compile
[INFO] +- org.apache.hbase:hbase-client:jar:1.2.0-cdh5.12.1:compile
[INFO] |  +- org.apache.hbase:hbase-annotations:jar:1.2.0-cdh5.12.1:compile
[INFO] |  +- org.apache.hbase:hbase-common:jar:1.2.0-cdh5.12.1:compile
[INFO] |  |  \- org.apache.hadoop:hadoop-core:jar:2.6.0-mr1-cdh5.12.1:compile
[INFO] |  |     +- tomcat:jasper-compiler:jar:5.5.23:compile
[INFO] |  |     +- hsqldb:hsqldb:jar:1.8.0.10:compile
[INFO] |  |     \- org.eclipse.jdt:core:jar:3.1.1:compile
[INFO] |  +- org.apache.hbase:hbase-protocol:jar:1.2.0-cdh5.12.1:compile
[INFO] |  +- commons-codec:commons-codec:jar:1.9:compile
[INFO] |  +- commons-io:commons-io:jar:2.4:compile
[INFO] |  +- com.google.protobuf:protobuf-java:jar:2.5.0:compile
[INFO] |  +- io.netty:netty-all:jar:4.0.23.Final:compile
[INFO] |  +- org.apache.zookeeper:zookeeper:jar:3.4.5-cdh5.12.1:compile
[INFO] |  +- org.apache.htrace:htrace-core:jar:3.2.0-incubating:compile
[INFO] |  +- org.jruby.jcodings:jcodings:jar:1.0.8:compile
[INFO] |  +- org.jruby.joni:joni:jar:2.1.2:compile
[INFO] |  +- com.yammer.metrics:metrics-core:jar:2.2.0:compile
[INFO] |  +- org.apache.hadoop:hadoop-common:jar:2.6.5:compile
[INFO] |  |  +- org.apache.commons:commons-math3:jar:3.1.1:compile
[INFO] |  |  +- xmlenc:xmlenc:jar:0.52:compile
[INFO] |  |  +- commons-net:commons-net:jar:3.1:compile
[INFO] |  |  +- com.sun.jersey:jersey-core:jar:1.9:compile
[INFO] |  |  +- com.sun.jersey:jersey-json:jar:1.9:compile
[INFO] |  |  |  +- org.codehaus.jettison:jettison:jar:1.1:compile
[INFO] |  |  |  +- com.sun.xml.bind:jaxb-impl:jar:2.2.3-1:compile
[INFO] |  |  |  |  \- javax.xml.bind:jaxb-api:jar:2.2.2:compile
[INFO] |  |  |  |     \- javax.xml.stream:stax-api:jar:1.0-2:compile
[INFO] |  |  |  +- org.codehaus.jackson:jackson-jaxrs:jar:1.8.3:compile
[INFO] |  |  |  \- org.codehaus.jackson:jackson-xc:jar:1.8.3:compile
[INFO] |  |  +- commons-el:commons-el:jar:1.0:compile
[INFO] |  |  +- net.java.dev.jets3t:jets3t:jar:0.9.0:compile
[INFO] |  |  |  \- com.jamesmurty.utils:java-xmlbuilder:jar:0.4:compile
[INFO] |  |  +- commons-configuration:commons-configuration:jar:1.6:compile
[INFO] |  |  |  +- commons-digester:commons-digester:jar:1.8:compile
[INFO] |  |  |  |  \- commons-beanutils:commons-beanutils:jar:1.7.0:compile
[INFO] |  |  |  \- commons-beanutils:commons-beanutils-core:jar:1.8.0:compile
[INFO] |  |  +- com.jcraft:jsch:jar:0.1.42:compile
[INFO] |  |  +- org.apache.curator:curator-client:jar:2.6.0:compile
[INFO] |  |  +- org.apache.curator:curator-recipes:jar:2.6.0:compile
[INFO] |  |  +- com.google.code.findbugs:jsr305:jar:1.3.9:compile
[INFO] |  |  \- org.htrace:htrace-core:jar:3.0.4:compile
[INFO] |  +- org.apache.hadoop:hadoop-annotations:jar:2.6.0-cdh5.12.1:compile
[INFO] |  +- org.apache.hadoop:hadoop-auth:jar:2.6.0-cdh5.12.1:compile
[INFO] |  |  +- org.apache.httpcomponents:httpclient:jar:4.2.5:compile
[INFO] |  |  \- org.apache.directory.server:apacheds-kerberos-codec:jar:2.0.0-M15:compile
[INFO] |  |     +- org.apache.directory.server:apacheds-i18n:jar:2.0.0-M15:compile
[INFO] |  |     +- org.apache.directory.api:api-asn1-api:jar:1.0.0-M20:compile
[INFO] |  |     \- org.apache.directory.api:api-util:jar:1.0.0-M20:compile
[INFO] |  \- junit:junit:jar:4.12:compile
[INFO] |     \- org.hamcrest:hamcrest-core:jar:1.3:compile
[INFO] +- org.apache.avro:avro-ipc:jar:1.8.2:compile
[INFO] |  +- org.mortbay.jetty:jetty:jar:6.1.26:compile
[INFO] |  +- org.mortbay.jetty:jetty-util:jar:6.1.26:compile
[INFO] |  +- io.netty:netty:jar:3.5.13.Final:compile
[INFO] |  \- org.mortbay.jetty:servlet-api:jar:2.5-20081211:compile
[INFO] +- com.datatrees.datacenter.binlog:binlog-core:jar:1.0-SNAPSHOT:compile
[INFO] |  +- redis.clients:jedis:jar:2.9.0:compile
[INFO] |  |  \- org.apache.commons:commons-pool2:jar:2.4.2:compile
[INFO] |  +- org.apache.commons:commons-lang3:jar:3.0:compile
[INFO] |  +- org.redisson:redisson:jar:3.6.0:compile
[INFO] |  |  +- io.netty:netty-common:jar:4.1.20.Final:compile
[INFO] |  |  +- io.netty:netty-codec:jar:4.1.20.Final:compile
[INFO] |  |  +- io.netty:netty-buffer:jar:4.1.20.Final:compile
[INFO] |  |  +- io.netty:netty-transport:jar:4.1.20.Final:compile
[INFO] |  |  |  \- io.netty:netty-resolver:jar:4.1.20.Final:compile
[INFO] |  |  +- io.netty:netty-resolver-dns:jar:4.1.20.Final:compile
[INFO] |  |  |  \- io.netty:netty-codec-dns:jar:4.1.20.Final:compile
[INFO] |  |  +- io.netty:netty-handler:jar:4.1.20.Final:compile
[INFO] |  |  +- javax.cache:cache-api:jar:1.0.0:compile
[INFO] |  |  +- io.projectreactor:reactor-core:jar:3.1.1.RELEASE:compile
[INFO] |  |  |  \- org.reactivestreams:reactive-streams:jar:1.0.1:compile
[INFO] |  |  +- com.fasterxml.jackson.dataformat:jackson-dataformat-yaml:jar:2.7.9:compile
[INFO] |  |  |  \- org.yaml:snakeyaml:jar:1.15:compile
[INFO] |  |  +- com.fasterxml.jackson.core:jackson-core:jar:2.7.9:compile
[INFO] |  |  +- com.fasterxml.jackson.core:jackson-databind:jar:2.7.9:compile
[INFO] |  |  |  \- com.fasterxml.jackson.core:jackson-annotations:jar:2.7.0:compile
[INFO] |  |  +- net.bytebuddy:byte-buddy:jar:1.6.14:compile
[INFO] |  |  \- org.jodd:jodd-bean:jar:3.7.1:compile
[INFO] |  |     \- org.jodd:jodd-core:jar:3.7.1:compile
[INFO] |  +- org.apache.kafka:kafka-clients:jar:0.11.0.0:compile
[INFO] |  |  \- net.jpountz.lz4:lz4:jar:1.3.0:compile
[INFO] |  +- mysql:mysql-connector-java:jar:5.1.36:compile
[INFO] |  +- com.mchange:c3p0:jar:0.9.2.1:compile
[INFO] |  |  \- com.mchange:mchange-commons-java:jar:0.2.3.4:compile
[INFO] |  +- com.github.shyiko:mysql-binlog-connector-java:jar:0.13.0:compile
[INFO] |  +- com.rabbitmq:amqp-client:jar:4.2.0:compile
[INFO] |  +- org.apache.hadoop:hadoop-client:jar:2.6.5:compile
[INFO] |  |  +- org.apache.hadoop:hadoop-mapreduce-client-app:jar:2.6.5:compile
[INFO] |  |  |  +- org.apache.hadoop:hadoop-mapreduce-client-common:jar:2.6.5:compile
[INFO] |  |  |  |  +- org.apache.hadoop:hadoop-yarn-client:jar:2.6.5:compile
[INFO] |  |  |  |  \- org.apache.hadoop:hadoop-yarn-server-common:jar:2.6.5:compile
[INFO] |  |  |  \- org.apache.hadoop:hadoop-mapreduce-client-shuffle:jar:2.6.5:compile
[INFO] |  |  |     \- org.fusesource.leveldbjni:leveldbjni-all:jar:1.8:compile
[INFO] |  |  +- org.apache.hadoop:hadoop-yarn-api:jar:2.6.5:compile
[INFO] |  |  +- org.apache.hadoop:hadoop-mapreduce-client-core:jar:2.6.5:compile
[INFO] |  |  |  \- org.apache.hadoop:hadoop-yarn-common:jar:2.6.5:compile
[INFO] |  |  |     \- com.sun.jersey:jersey-client:jar:1.9:compile
[INFO] |  |  \- org.apache.hadoop:hadoop-mapreduce-client-jobclient:jar:2.6.5:compile
[INFO] |  \- io.prometheus:simpleclient_httpserver:jar:0.4.0:compile
[INFO] |     +- io.prometheus:simpleclient:jar:0.4.0:compile
[INFO] |     \- io.prometheus:simpleclient_common:jar:0.4.0:compile
[INFO] +- com.alibaba:fastjson:jar:1.2.7:compile
[INFO] +- org.apache.hive:hive-exec:jar:2.3.0:compile
[INFO] |  +- org.apache.hive:hive-vector-code-gen:jar:2.3.0:compile
[INFO] |  +- org.apache.hive:hive-llap-tez:jar:2.3.0:compile
[INFO] |  |  +- org.apache.hive:hive-common:jar:2.3.0:compile
[INFO] |  |  |  +- org.apache.hive:hive-storage-api:jar:2.3.0:compile
[INFO] |  |  |  +- org.apache.orc:orc-core:jar:1.3.3:compile
[INFO] |  |  |  |  \- io.airlift:aircompressor:jar:0.3:compile
[INFO] |  |  |  +- jline:jline:jar:2.12:compile
[INFO] |  |  |  +- org.eclipse.jetty.aggregate:jetty-all:jar:7.6.0.v20120127:compile
[INFO] |  |  |  |  +- org.apache.geronimo.specs:geronimo-jta_1.1_spec:jar:1.1.1:compile
[INFO] |  |  |  |  +- javax.mail:mail:jar:1.4.1:compile
[INFO] |  |  |  |  +- javax.activation:activation:jar:1.1:compile
[INFO] |  |  |  |  +- org.apache.geronimo.specs:geronimo-jaspic_1.0_spec:jar:1.0:compile
[INFO] |  |  |  |  +- org.apache.geronimo.specs:geronimo-annotation_1.0_spec:jar:1.1.1:compile
[INFO] |  |  |  |  \- asm:asm-commons:jar:3.1:compile
[INFO] |  |  |  |     \- asm:asm-tree:jar:3.1:compile
[INFO] |  |  |  +- org.eclipse.jetty.orbit:javax.servlet:jar:3.0.0.v201112011016:compile
[INFO] |  |  |  +- org.apache.logging.log4j:log4j-web:jar:2.6.2:compile
[INFO] |  |  |  +- com.tdunning:json:jar:1.8:compile
[INFO] |  |  |  +- io.dropwizard.metrics:metrics-core:jar:3.1.0:compile
[INFO] |  |  |  +- io.dropwizard.metrics:metrics-jvm:jar:3.1.0:compile
[INFO] |  |  |  +- io.dropwizard.metrics:metrics-json:jar:3.1.0:compile
[INFO] |  |  |  \- com.github.joshelser:dropwizard-metrics-hadoop-metrics2-reporter:jar:0.1.2:compile
[INFO] |  |  \- org.apache.hive:hive-llap-client:jar:2.3.0:compile
[INFO] |  |     \- org.apache.hive:hive-llap-common:jar:2.3.0:compile
[INFO] |  |        \- org.apache.hive:hive-serde:jar:2.3.0:compile
[INFO] |  |           +- org.apache.hive:hive-service-rpc:jar:2.3.0:compile
[INFO] |  |           |  \- org.apache.thrift:libfb303:jar:0.9.3:compile
[INFO] |  |           +- net.sf.opencsv:opencsv:jar:2.3:compile
[INFO] |  |           \- org.apache.parquet:parquet-hadoop-bundle:jar:1.8.1:compile
[INFO] |  +- org.apache.hive:hive-shims:jar:2.3.0:compile
[INFO] |  |  +- org.apache.hive.shims:hive-shims-common:jar:2.3.0:compile
[INFO] |  |  |  \- org.apache.thrift:libthrift:jar:0.9.3:compile
[INFO] |  |  +- org.apache.hive.shims:hive-shims-0.23:jar:2.3.0:runtime
[INFO] |  |  |  \- org.apache.hadoop:hadoop-yarn-server-resourcemanager:jar:2.7.2:runtime
[INFO] |  |  |     +- com.google.inject.extensions:guice-servlet:jar:3.0:runtime
[INFO] |  |  |     +- com.google.inject:guice:jar:3.0:runtime
[INFO] |  |  |     |  +- javax.inject:javax.inject:jar:1:runtime
[INFO] |  |  |     |  \- aopalliance:aopalliance:jar:1.0:runtime
[INFO] |  |  |     +- com.sun.jersey.contribs:jersey-guice:jar:1.9:runtime
[INFO] |  |  |     +- org.apache.hadoop:hadoop-yarn-server-applicationhistoryservice:jar:2.7.2:runtime
[INFO] |  |  |     +- org.apache.hadoop:hadoop-yarn-server-web-proxy:jar:2.7.2:runtime
[INFO] |  |  |     \- org.apache.zookeeper:zookeeper:test-jar:tests:3.4.6:runtime
[INFO] |  |  \- org.apache.hive.shims:hive-shims-scheduler:jar:2.3.0:runtime
[INFO] |  +- org.apache.logging.log4j:log4j-1.2-api:jar:2.6.2:compile
[INFO] |  |  +- org.apache.logging.log4j:log4j-api:jar:2.6.2:compile
[INFO] |  |  \- org.apache.logging.log4j:log4j-core:jar:2.6.2:compile
[INFO] |  +- org.apache.logging.log4j:log4j-slf4j-impl:jar:2.6.2:compile
[INFO] |  +- org.antlr:antlr-runtime:jar:3.5.2:compile
[INFO] |  +- org.antlr:ST4:jar:4.0.4:compile
[INFO] |  +- org.apache.ant:ant:jar:1.9.1:compile
[INFO] |  |  \- org.apache.ant:ant-launcher:jar:1.9.1:compile
[INFO] |  +- org.apache.ivy:ivy:jar:2.4.0:compile
[INFO] |  +- org.apache.curator:curator-framework:jar:2.7.1:compile
[INFO] |  +- org.apache.curator:apache-curator:pom:2.7.1:compile
[INFO] |  +- org.codehaus.groovy:groovy-all:jar:2.4.4:compile
[INFO] |  +- org.datanucleus:datanucleus-core:jar:4.1.17:compile
[INFO] |  +- org.apache.calcite:calcite-core:jar:1.10.0:compile
[INFO] |  |  +- org.apache.calcite:calcite-linq4j:jar:1.10.0:compile
[INFO] |  |  +- commons-dbcp:commons-dbcp:jar:1.4:compile
[INFO] |  |  |  \- commons-pool:commons-pool:jar:1.5.4:compile
[INFO] |  |  +- net.hydromatic:eigenbase-properties:jar:1.1.5:compile
[INFO] |  |  +- org.codehaus.janino:janino:jar:2.7.6:compile
[INFO] |  |  +- org.codehaus.janino:commons-compiler:jar:2.7.6:compile
[INFO] |  |  \- org.pentaho:pentaho-aggdesigner-algorithm:jar:5.1.5-jhyde:compile
[INFO] |  +- org.apache.calcite:calcite-druid:jar:1.10.0:compile
[INFO] |  +- org.apache.calcite.avatica:avatica:jar:1.8.0:compile
[INFO] |  |  +- org.apache.calcite.avatica:avatica-metrics:jar:1.8.0:compile
[INFO] |  |  \- org.apache.httpcomponents:httpcore:jar:4.4.4:compile
[INFO] |  +- com.google.code.gson:gson:jar:2.2.4:compile
[INFO] |  \- stax:stax-api:jar:1.0.1:compile
[INFO] +- com.datatrees.datacenter.binlog:binlog-resovler:jar:1.0-SNAPSHOT:compile
[INFO] |  +- org.apache.hadoop:hadoop-hdfs:jar:2.6.5:compile
[INFO] |  |  +- com.sun.jersey:jersey-server:jar:1.9:compile
[INFO] |  |  |  \- asm:asm:jar:3.1:compile
[INFO] |  |  +- commons-daemon:commons-daemon:jar:1.0.13:compile
[INFO] |  |  +- javax.servlet.jsp:jsp-api:jar:2.1:compile
[INFO] |  |  +- javax.servlet:servlet-api:jar:2.5:compile
[INFO] |  |  +- tomcat:jasper-runtime:jar:5.5.23:compile
[INFO] |  |  \- xerces:xercesImpl:jar:2.9.1:compile
[INFO] |  |     \- xml-apis:xml-apis:jar:1.3.04:compile
[INFO] |  +- org.javatuples:javatuples:jar:1.1:compile
[INFO] |  \- com.callfire:avro-schema-generator:jar:0.0.1-SNAPSHOT:compile
[INFO] |     +- us.fatehi:schemacrawler-mysql:jar:14.16.03:compile
[INFO] |     |  \- us.fatehi:schemacrawler:jar:14.16.03:compile
[INFO] |     \- org.modeshape:modeshape-common:jar:5.3.0.Final:compile
[INFO] |        \- com.h2database:h2:jar:1.4.191:compile
[INFO] +- org.slf4j:slf4j-api:jar:1.7.21:compile
[INFO] +- ch.qos.logback:logback-core:jar:1.1.7:compile
[INFO] +- ch.qos.logback:logback-classic:jar:1.1.7:compile
[INFO] \- com.google.guava:guava:jar:13.0.1:compile
[INFO] 
[INFO] -------------< com.datatrees.datacenter.binlog:binlog-api >-------------
[INFO] Building binlog-api 1.0-SNAPSHOT                                   [6/9]
[INFO] --------------------------------[ jar ]---------------------------------
[INFO] 
[INFO] --- maven-dependency-plugin:2.8:tree (default-cli) @ binlog-api ---
[INFO] com.datatrees.datacenter.binlog:binlog-api:jar:1.0-SNAPSHOT
[INFO] +- com.alibaba:fastjson:jar:1.2.7:compile
[INFO] +- org.apache.avro:avro:jar:1.8.2:compile
[INFO] |  +- org.codehaus.jackson:jackson-core-asl:jar:1.9.13:compile
[INFO] |  +- org.codehaus.jackson:jackson-mapper-asl:jar:1.9.13:compile
[INFO] |  +- com.thoughtworks.paranamer:paranamer:jar:2.7:compile
[INFO] |  +- org.xerial.snappy:snappy-java:jar:1.1.1.3:compile
[INFO] |  +- org.apache.commons:commons-compress:jar:1.8.1:compile
[INFO] |  \- org.tukaani:xz:jar:1.5:compile
[INFO] +- com.google.code.gson:gson:jar:2.2.4:compile
[INFO] +- org.slf4j:slf4j-api:jar:1.7.21:compile
[INFO] +- ch.qos.logback:logback-core:jar:1.1.7:compile
[INFO] +- ch.qos.logback:logback-classic:jar:1.1.7:compile
[INFO] \- com.google.guava:guava:jar:13.0.1:compile
[INFO] 
[INFO] -----------< com.datatrees.datacenter.binlog:binlog-service >-----------
[INFO] Building binlog-service 1.0-SNAPSHOT                               [7/9]
[INFO] --------------------------------[ jar ]---------------------------------
Downloading from nexus: http://192.168.5.252:8081/nexus/content/groups/public/com/datatrees/datacenter/binlog/binlog-api/1.0-SNAPSHOT/maven-metadata.xml
Progress (1): 959 B                   Downloaded from nexus: http://192.168.5.252:8081/nexus/content/groups/public/com/datatrees/datacenter/binlog/binlog-api/1.0-SNAPSHOT/maven-metadata.xml (959 B at 42 kB/s)
Downloading from nexus: http://192.168.5.252:8081/nexus/content/groups/public/com/datatrees/datacenter/binlog/binlog-api/1.0-SNAPSHOT/binlog-api-1.0-20180916.014952-2.jar
Progress (1): 4.1/7.4 kBProgress (1): 7.4 kB                        Downloaded from nexus: http://192.168.5.252:8081/nexus/content/groups/public/com/datatrees/datacenter/binlog/binlog-api/1.0-SNAPSHOT/binlog-api-1.0-20180916.014952-2.jar (7.4 kB at 338 kB/s)
[INFO] 
[INFO] --- maven-dependency-plugin:2.8:tree (default-cli) @ binlog-service ---
[INFO] com.datatrees.datacenter.binlog:binlog-service:jar:1.0-SNAPSHOT
[INFO] +- org.apache.kafka:kafka-clients:jar:0.11.0.0:compile
[INFO] |  +- net.jpountz.lz4:lz4:jar:1.3.0:compile
[INFO] |  \- org.xerial.snappy:snappy-java:jar:1.1.2.6:compile
[INFO] +- org.apache.avro:avro:jar:1.8.2:compile
[INFO] |  +- org.codehaus.jackson:jackson-core-asl:jar:1.9.13:compile
[INFO] |  +- org.codehaus.jackson:jackson-mapper-asl:jar:1.9.13:compile
[INFO] |  +- com.thoughtworks.paranamer:paranamer:jar:2.7:compile
[INFO] |  +- org.apache.commons:commons-compress:jar:1.8.1:compile
[INFO] |  \- org.tukaani:xz:jar:1.5:compile
[INFO] +- com.datatrees.datacenter.binlog:binlog-api:jar:1.0-SNAPSHOT:compile
[INFO] |  \- com.alibaba:fastjson:jar:1.2.7:compile
[INFO] +- io.debezium:debezium-connector-mysql:jar:0.7.2:compile
[INFO] |  +- com.github.shyiko:mysql-binlog-connector-java:jar:0.13.0:compile
[INFO] |  \- mysql:mysql-connector-java:jar:5.1.36:compile
[INFO] +- io.debezium:debezium-core:jar:0.7.2:compile
[INFO] |  \- com.fasterxml.jackson.core:jackson-core:jar:2.9.1:compile
[INFO] +- org.apache.kafka:connect-api:jar:1.0.0:compile
[INFO] +- com.google.code.gson:gson:jar:2.2.4:compile
[INFO] +- com.datatrees.datacenter.binlog:binlog-core:jar:1.0-SNAPSHOT:compile
[INFO] |  +- redis.clients:jedis:jar:2.9.0:compile
[INFO] |  |  \- org.apache.commons:commons-pool2:jar:2.4.2:compile
[INFO] |  +- org.apache.commons:commons-lang3:jar:3.0:compile
[INFO] |  +- org.redisson:redisson:jar:3.6.0:compile
[INFO] |  |  +- io.netty:netty-common:jar:4.1.20.Final:compile
[INFO] |  |  +- io.netty:netty-codec:jar:4.1.20.Final:compile
[INFO] |  |  +- io.netty:netty-buffer:jar:4.1.20.Final:compile
[INFO] |  |  +- io.netty:netty-transport:jar:4.1.20.Final:compile
[INFO] |  |  |  \- io.netty:netty-resolver:jar:4.1.20.Final:compile
[INFO] |  |  +- io.netty:netty-resolver-dns:jar:4.1.20.Final:compile
[INFO] |  |  |  \- io.netty:netty-codec-dns:jar:4.1.20.Final:compile
[INFO] |  |  +- io.netty:netty-handler:jar:4.1.20.Final:compile
[INFO] |  |  +- javax.cache:cache-api:jar:1.0.0:compile
[INFO] |  |  +- io.projectreactor:reactor-core:jar:3.1.1.RELEASE:compile
[INFO] |  |  |  \- org.reactivestreams:reactive-streams:jar:1.0.1:compile
[INFO] |  |  +- com.fasterxml.jackson.dataformat:jackson-dataformat-yaml:jar:2.7.9:compile
[INFO] |  |  |  \- org.yaml:snakeyaml:jar:1.15:compile
[INFO] |  |  +- com.fasterxml.jackson.core:jackson-databind:jar:2.7.9:compile
[INFO] |  |  |  \- com.fasterxml.jackson.core:jackson-annotations:jar:2.7.0:compile
[INFO] |  |  +- net.bytebuddy:byte-buddy:jar:1.6.14:compile
[INFO] |  |  \- org.jodd:jodd-bean:jar:3.7.1:compile
[INFO] |  |     \- org.jodd:jodd-core:jar:3.7.1:compile
[INFO] |  +- com.mchange:c3p0:jar:0.9.2.1:compile
[INFO] |  |  \- com.mchange:mchange-commons-java:jar:0.2.3.4:compile
[INFO] |  +- com.rabbitmq:amqp-client:jar:4.2.0:compile
[INFO] |  +- org.apache.hadoop:hadoop-client:jar:2.6.5:compile
[INFO] |  |  +- org.apache.hadoop:hadoop-hdfs:jar:2.6.5:compile
[INFO] |  |  |  +- io.netty:netty:jar:3.6.2.Final:compile
[INFO] |  |  |  \- xerces:xercesImpl:jar:2.9.1:compile
[INFO] |  |  |     \- xml-apis:xml-apis:jar:1.3.04:compile
[INFO] |  |  +- org.apache.hadoop:hadoop-mapreduce-client-app:jar:2.6.5:compile
[INFO] |  |  |  +- org.apache.hadoop:hadoop-mapreduce-client-common:jar:2.6.5:compile
[INFO] |  |  |  |  +- org.apache.hadoop:hadoop-yarn-client:jar:2.6.5:compile
[INFO] |  |  |  |  \- org.apache.hadoop:hadoop-yarn-server-common:jar:2.6.5:compile
[INFO] |  |  |  \- org.apache.hadoop:hadoop-mapreduce-client-shuffle:jar:2.6.5:compile
[INFO] |  |  |     \- org.fusesource.leveldbjni:leveldbjni-all:jar:1.8:compile
[INFO] |  |  +- org.apache.hadoop:hadoop-yarn-api:jar:2.6.5:compile
[INFO] |  |  +- org.apache.hadoop:hadoop-mapreduce-client-core:jar:2.6.5:compile
[INFO] |  |  |  \- org.apache.hadoop:hadoop-yarn-common:jar:2.6.5:compile
[INFO] |  |  |     +- javax.xml.bind:jaxb-api:jar:2.2.2:compile
[INFO] |  |  |     |  +- javax.xml.stream:stax-api:jar:1.0-2:compile
[INFO] |  |  |     |  \- javax.activation:activation:jar:1.1:compile
[INFO] |  |  |     \- com.sun.jersey:jersey-client:jar:1.9:compile
[INFO] |  |  +- org.apache.hadoop:hadoop-mapreduce-client-jobclient:jar:2.6.5:compile
[INFO] |  |  \- org.apache.hadoop:hadoop-annotations:jar:2.6.5:compile
[INFO] |  +- org.apache.hadoop:hadoop-common:jar:2.6.5:compile
[INFO] |  |  +- commons-cli:commons-cli:jar:1.2:compile
[INFO] |  |  +- org.apache.commons:commons-math3:jar:3.1.1:compile
[INFO] |  |  +- xmlenc:xmlenc:jar:0.52:compile
[INFO] |  |  +- commons-httpclient:commons-httpclient:jar:3.1:compile
[INFO] |  |  +- commons-codec:commons-codec:jar:1.4:compile
[INFO] |  |  +- commons-io:commons-io:jar:2.4:compile
[INFO] |  |  +- commons-net:commons-net:jar:3.1:compile
[INFO] |  |  +- commons-collections:commons-collections:jar:3.2.2:compile
[INFO] |  |  +- javax.servlet:servlet-api:jar:2.5:compile
[INFO] |  |  +- org.mortbay.jetty:jetty:jar:6.1.26:compile
[INFO] |  |  +- org.mortbay.jetty:jetty-util:jar:6.1.26:compile
[INFO] |  |  +- com.sun.jersey:jersey-core:jar:1.9:compile
[INFO] |  |  +- com.sun.jersey:jersey-json:jar:1.9:compile
[INFO] |  |  |  +- org.codehaus.jettison:jettison:jar:1.1:compile
[INFO] |  |  |  +- com.sun.xml.bind:jaxb-impl:jar:2.2.3-1:compile
[INFO] |  |  |  +- org.codehaus.jackson:jackson-jaxrs:jar:1.8.3:compile
[INFO] |  |  |  \- org.codehaus.jackson:jackson-xc:jar:1.8.3:compile
[INFO] |  |  +- com.sun.jersey:jersey-server:jar:1.9:compile
[INFO] |  |  |  \- asm:asm:jar:3.1:compile
[INFO] |  |  +- tomcat:jasper-compiler:jar:5.5.23:runtime
[INFO] |  |  +- tomcat:jasper-runtime:jar:5.5.23:runtime
[INFO] |  |  +- javax.servlet.jsp:jsp-api:jar:2.1:runtime
[INFO] |  |  +- commons-el:commons-el:jar:1.0:runtime
[INFO] |  |  +- commons-logging:commons-logging:jar:1.1.3:compile
[INFO] |  |  +- log4j:log4j:jar:1.2.17:compile
[INFO] |  |  +- net.java.dev.jets3t:jets3t:jar:0.9.0:compile
[INFO] |  |  |  +- org.apache.httpcomponents:httpclient:jar:4.1.2:compile
[INFO] |  |  |  +- org.apache.httpcomponents:httpcore:jar:4.1.2:compile
[INFO] |  |  |  \- com.jamesmurty.utils:java-xmlbuilder:jar:0.4:compile
[INFO] |  |  +- commons-lang:commons-lang:jar:2.6:compile
[INFO] |  |  +- commons-configuration:commons-configuration:jar:1.6:compile
[INFO] |  |  |  +- commons-digester:commons-digester:jar:1.8:compile
[INFO] |  |  |  |  \- commons-beanutils:commons-beanutils:jar:1.7.0:compile
[INFO] |  |  |  \- commons-beanutils:commons-beanutils-core:jar:1.8.0:compile
[INFO] |  |  +- org.slf4j:slf4j-log4j12:jar:1.7.5:compile
[INFO] |  |  +- com.google.protobuf:protobuf-java:jar:2.5.0:compile
[INFO] |  |  +- org.apache.hadoop:hadoop-auth:jar:2.6.5:compile
[INFO] |  |  |  +- org.apache.directory.server:apacheds-kerberos-codec:jar:2.0.0-M15:compile
[INFO] |  |  |  |  +- org.apache.directory.server:apacheds-i18n:jar:2.0.0-M15:compile
[INFO] |  |  |  |  +- org.apache.directory.api:api-asn1-api:jar:1.0.0-M20:compile
[INFO] |  |  |  |  \- org.apache.directory.api:api-util:jar:1.0.0-M20:compile
[INFO] |  |  |  \- org.apache.curator:curator-framework:jar:2.6.0:compile
[INFO] |  |  +- com.jcraft:jsch:jar:0.1.42:compile
[INFO] |  |  +- org.apache.curator:curator-client:jar:2.6.0:compile
[INFO] |  |  +- org.apache.curator:curator-recipes:jar:2.6.0:compile
[INFO] |  |  +- com.google.code.findbugs:jsr305:jar:1.3.9:compile
[INFO] |  |  +- org.htrace:htrace-core:jar:3.0.4:compile
[INFO] |  |  \- org.apache.zookeeper:zookeeper:jar:3.4.6:compile
[INFO] |  \- io.prometheus:simpleclient_httpserver:jar:0.4.0:compile
[INFO] |     +- io.prometheus:simpleclient:jar:0.4.0:compile
[INFO] |     \- io.prometheus:simpleclient_common:jar:0.4.0:compile
[INFO] +- org.slf4j:slf4j-api:jar:1.7.21:compile
[INFO] +- ch.qos.logback:logback-core:jar:1.1.7:compile
[INFO] +- ch.qos.logback:logback-classic:jar:1.1.7:compile
[INFO] \- com.google.guava:guava:jar:13.0.1:compile
[INFO] 
[INFO] -----------< com.datatrees.datacenter.binlog:binlog-repair >------------
[INFO] Building binlog-repair 1.0-SNAPSHOT                                [8/9]
[INFO] --------------------------------[ jar ]---------------------------------
Downloading from nexus: http://192.168.5.252:8081/nexus/content/groups/public/com/datatrees/datacenter/binlog/binlog-comparer/1.0-SNAPSHOT/maven-metadata.xml
Progress (1): 964 B                   Downloaded from nexus: http://192.168.5.252:8081/nexus/content/groups/public/com/datatrees/datacenter/binlog/binlog-comparer/1.0-SNAPSHOT/maven-metadata.xml (964 B at 44 kB/s)
[INFO] 
[INFO] --- maven-dependency-plugin:2.8:tree (default-cli) @ binlog-repair ---
[INFO] com.datatrees.datacenter.binlog:binlog-repair:jar:1.0-SNAPSHOT
[INFO] +- com.datatrees.datacenter.binlog:binlog-core:jar:1.0-SNAPSHOT:compile
[INFO] |  +- redis.clients:jedis:jar:2.9.0:compile
[INFO] |  |  \- org.apache.commons:commons-pool2:jar:2.4.2:compile
[INFO] |  +- org.apache.commons:commons-lang3:jar:3.0:compile
[INFO] |  +- org.redisson:redisson:jar:3.6.0:compile
[INFO] |  |  +- io.netty:netty-common:jar:4.1.20.Final:compile
[INFO] |  |  +- io.netty:netty-codec:jar:4.1.20.Final:compile
[INFO] |  |  +- io.netty:netty-buffer:jar:4.1.20.Final:compile
[INFO] |  |  +- io.netty:netty-transport:jar:4.1.20.Final:compile
[INFO] |  |  |  \- io.netty:netty-resolver:jar:4.1.20.Final:compile
[INFO] |  |  +- io.netty:netty-resolver-dns:jar:4.1.20.Final:compile
[INFO] |  |  |  \- io.netty:netty-codec-dns:jar:4.1.20.Final:compile
[INFO] |  |  +- io.netty:netty-handler:jar:4.1.20.Final:compile
[INFO] |  |  +- javax.cache:cache-api:jar:1.0.0:compile
[INFO] |  |  +- io.projectreactor:reactor-core:jar:3.1.1.RELEASE:compile
[INFO] |  |  |  \- org.reactivestreams:reactive-streams:jar:1.0.1:compile
[INFO] |  |  +- com.fasterxml.jackson.dataformat:jackson-dataformat-yaml:jar:2.7.9:compile
[INFO] |  |  |  \- org.yaml:snakeyaml:jar:1.15:compile
[INFO] |  |  +- com.fasterxml.jackson.core:jackson-core:jar:2.7.9:compile
[INFO] |  |  +- com.fasterxml.jackson.core:jackson-databind:jar:2.7.9:compile
[INFO] |  |  |  \- com.fasterxml.jackson.core:jackson-annotations:jar:2.7.0:compile
[INFO] |  |  +- net.bytebuddy:byte-buddy:jar:1.6.14:compile
[INFO] |  |  \- org.jodd:jodd-bean:jar:3.7.1:compile
[INFO] |  |     \- org.jodd:jodd-core:jar:3.7.1:compile
[INFO] |  +- com.alibaba:fastjson:jar:1.2.7:compile
[INFO] |  +- org.apache.kafka:kafka-clients:jar:0.11.0.0:compile
[INFO] |  |  +- net.jpountz.lz4:lz4:jar:1.3.0:compile
[INFO] |  |  \- org.xerial.snappy:snappy-java:jar:1.1.2.6:compile
[INFO] |  +- mysql:mysql-connector-java:jar:5.1.36:compile
[INFO] |  +- com.mchange:c3p0:jar:0.9.2.1:compile
[INFO] |  |  \- com.mchange:mchange-commons-java:jar:0.2.3.4:compile
[INFO] |  +- org.apache.commons:commons-compress:jar:1.14:compile
[INFO] |  +- com.github.shyiko:mysql-binlog-connector-java:jar:0.13.0:compile
[INFO] |  +- com.rabbitmq:amqp-client:jar:4.2.0:compile
[INFO] |  +- org.apache.hadoop:hadoop-client:jar:2.6.5:compile
[INFO] |  |  +- org.apache.hadoop:hadoop-hdfs:jar:2.6.5:compile
[INFO] |  |  |  \- xerces:xercesImpl:jar:2.9.1:compile
[INFO] |  |  |     \- xml-apis:xml-apis:jar:1.3.04:compile
[INFO] |  |  +- org.apache.hadoop:hadoop-mapreduce-client-app:jar:2.6.5:compile
[INFO] |  |  |  +- org.apache.hadoop:hadoop-mapreduce-client-common:jar:2.6.5:compile
[INFO] |  |  |  |  +- org.apache.hadoop:hadoop-yarn-client:jar:2.6.5:compile
[INFO] |  |  |  |  \- org.apache.hadoop:hadoop-yarn-server-common:jar:2.6.5:compile
[INFO] |  |  |  \- org.apache.hadoop:hadoop-mapreduce-client-shuffle:jar:2.6.5:compile
[INFO] |  |  |     \- org.fusesource.leveldbjni:leveldbjni-all:jar:1.8:compile
[INFO] |  |  +- org.apache.hadoop:hadoop-yarn-api:jar:2.6.5:compile
[INFO] |  |  +- org.apache.hadoop:hadoop-mapreduce-client-core:jar:2.6.5:compile
[INFO] |  |  |  \- org.apache.hadoop:hadoop-yarn-common:jar:2.6.5:compile
[INFO] |  |  |     +- javax.xml.bind:jaxb-api:jar:2.2.2:compile
[INFO] |  |  |     |  +- javax.xml.stream:stax-api:jar:1.0-2:compile
[INFO] |  |  |     |  \- javax.activation:activation:jar:1.1:compile
[INFO] |  |  |     \- com.sun.jersey:jersey-client:jar:1.9:compile
[INFO] |  |  +- org.apache.hadoop:hadoop-mapreduce-client-jobclient:jar:2.6.5:compile
[INFO] |  |  \- org.apache.hadoop:hadoop-annotations:jar:2.6.5:compile
[INFO] |  +- org.apache.hadoop:hadoop-common:jar:2.6.5:compile
[INFO] |  |  +- commons-cli:commons-cli:jar:1.2:compile
[INFO] |  |  +- org.apache.commons:commons-math3:jar:3.1.1:compile
[INFO] |  |  +- xmlenc:xmlenc:jar:0.52:compile
[INFO] |  |  +- commons-httpclient:commons-httpclient:jar:3.1:compile
[INFO] |  |  +- commons-codec:commons-codec:jar:1.4:compile
[INFO] |  |  +- commons-io:commons-io:jar:2.4:compile
[INFO] |  |  +- commons-net:commons-net:jar:3.1:compile
[INFO] |  |  +- commons-collections:commons-collections:jar:3.2.2:compile
[INFO] |  |  +- javax.servlet:servlet-api:jar:2.5:compile
[INFO] |  |  +- org.mortbay.jetty:jetty:jar:6.1.26:compile
[INFO] |  |  +- org.mortbay.jetty:jetty-util:jar:6.1.26:compile
[INFO] |  |  +- com.sun.jersey:jersey-core:jar:1.9:compile
[INFO] |  |  +- com.sun.jersey:jersey-json:jar:1.9:compile
[INFO] |  |  |  +- org.codehaus.jettison:jettison:jar:1.1:compile
[INFO] |  |  |  +- com.sun.xml.bind:jaxb-impl:jar:2.2.3-1:compile
[INFO] |  |  |  +- org.codehaus.jackson:jackson-jaxrs:jar:1.8.3:compile
[INFO] |  |  |  \- org.codehaus.jackson:jackson-xc:jar:1.8.3:compile
[INFO] |  |  +- com.sun.jersey:jersey-server:jar:1.9:compile
[INFO] |  |  |  \- asm:asm:jar:3.1:compile
[INFO] |  |  +- tomcat:jasper-compiler:jar:5.5.23:compile
[INFO] |  |  +- tomcat:jasper-runtime:jar:5.5.23:compile
[INFO] |  |  +- javax.servlet.jsp:jsp-api:jar:2.1:compile
[INFO] |  |  +- commons-el:commons-el:jar:1.0:compile
[INFO] |  |  +- commons-logging:commons-logging:jar:1.1.3:compile
[INFO] |  |  +- log4j:log4j:jar:1.2.17:compile
[INFO] |  |  +- net.java.dev.jets3t:jets3t:jar:0.9.0:compile
[INFO] |  |  |  +- org.apache.httpcomponents:httpclient:jar:4.1.2:compile
[INFO] |  |  |  +- org.apache.httpcomponents:httpcore:jar:4.1.2:compile
[INFO] |  |  |  \- com.jamesmurty.utils:java-xmlbuilder:jar:0.4:compile
[INFO] |  |  +- commons-lang:commons-lang:jar:2.6:compile
[INFO] |  |  +- commons-configuration:commons-configuration:jar:1.6:compile
[INFO] |  |  |  +- commons-digester:commons-digester:jar:1.8:compile
[INFO] |  |  |  |  \- commons-beanutils:commons-beanutils:jar:1.7.0:compile
[INFO] |  |  |  \- commons-beanutils:commons-beanutils-core:jar:1.8.0:compile
[INFO] |  |  +- org.slf4j:slf4j-log4j12:jar:1.7.5:compile
[INFO] |  |  +- org.codehaus.jackson:jackson-core-asl:jar:1.9.13:compile
[INFO] |  |  +- org.codehaus.jackson:jackson-mapper-asl:jar:1.9.13:compile
[INFO] |  |  +- com.google.protobuf:protobuf-java:jar:2.5.0:compile
[INFO] |  |  +- com.google.code.gson:gson:jar:2.2.4:compile
[INFO] |  |  +- org.apache.hadoop:hadoop-auth:jar:2.6.5:compile
[INFO] |  |  |  \- org.apache.directory.server:apacheds-kerberos-codec:jar:2.0.0-M15:compile
[INFO] |  |  |     +- org.apache.directory.server:apacheds-i18n:jar:2.0.0-M15:compile
[INFO] |  |  |     +- org.apache.directory.api:api-asn1-api:jar:1.0.0-M20:compile
[INFO] |  |  |     \- org.apache.directory.api:api-util:jar:1.0.0-M20:compile
[INFO] |  |  +- com.jcraft:jsch:jar:0.1.42:compile
[INFO] |  |  +- org.apache.curator:curator-client:jar:2.6.0:compile
[INFO] |  |  +- org.apache.curator:curator-recipes:jar:2.6.0:compile
[INFO] |  |  +- com.google.code.findbugs:jsr305:jar:1.3.9:compile
[INFO] |  |  +- org.htrace:htrace-core:jar:3.0.4:compile
[INFO] |  |  \- org.apache.zookeeper:zookeeper:jar:3.4.6:compile
[INFO] |  \- io.prometheus:simpleclient_httpserver:jar:0.4.0:compile
[INFO] |     +- io.prometheus:simpleclient:jar:0.4.0:compile
[INFO] |     \- io.prometheus:simpleclient_common:jar:0.4.0:compile
[INFO] +- com.datatrees.datacenter.binlog:binlog-comparer:jar:1.0-SNAPSHOT:compile
[INFO] |  +- org.apache.avro:avro:jar:1.8.2:compile
[INFO] |  |  +- com.thoughtworks.paranamer:paranamer:jar:2.7:compile
[INFO] |  |  \- org.tukaani:xz:jar:1.5:compile
[INFO] |  +- org.apache.avro:avro-tools:jar:1.8.2:compile
[INFO] |  |  +- org.apache.avro:avro-mapred:jar:1.8.2:compile
[INFO] |  |  +- org.apache.avro:trevni-core:jar:1.8.2:compile
[INFO] |  |  +- org.apache.avro:trevni-avro:jar:1.8.2:compile
[INFO] |  |  |  \- org.apache.avro:avro-mapred:jar:hadoop2:1.8.2:compile
[INFO] |  |  +- org.apache.avro:trevni-core:jar:tests:1.8.2:compile
[INFO] |  |  +- org.apache.avro:trevni-avro:jar:tests:1.8.2:compile
[INFO] |  |  +- net.sf.jopt-simple:jopt-simple:jar:4.7:compile
[INFO] |  |  \- com.github.stephenc.findbugs:findbugs-annotations:jar:1.3.9-1:compile
[INFO] |  +- org.apache.avro:avro-compiler:jar:1.8.2:compile
[INFO] |  |  +- org.apache.velocity:velocity:jar:1.7:compile
[INFO] |  |  \- joda-time:joda-time:jar:2.10:compile
[INFO] |  +- org.apache.hbase:hbase-client:jar:1.2.0-cdh5.12.1:compile
[INFO] |  |  +- org.apache.hbase:hbase-annotations:jar:1.2.0-cdh5.12.1:compile
[INFO] |  |  +- org.apache.hbase:hbase-common:jar:1.2.0-cdh5.12.1:compile
[INFO] |  |  |  \- org.apache.hadoop:hadoop-core:jar:2.6.0-mr1-cdh5.12.1:compile
[INFO] |  |  |     +- hsqldb:hsqldb:jar:1.8.0.10:compile
[INFO] |  |  |     \- org.eclipse.jdt:core:jar:3.1.1:compile
[INFO] |  |  +- org.apache.hbase:hbase-protocol:jar:1.2.0-cdh5.12.1:compile
[INFO] |  |  +- io.netty:netty-all:jar:4.0.23.Final:compile
[INFO] |  |  +- org.apache.htrace:htrace-core:jar:3.2.0-incubating:compile
[INFO] |  |  +- org.jruby.jcodings:jcodings:jar:1.0.8:compile
[INFO] |  |  +- org.jruby.joni:joni:jar:2.1.2:compile
[INFO] |  |  +- com.yammer.metrics:metrics-core:jar:2.2.0:compile
[INFO] |  |  \- junit:junit:jar:4.12:compile
[INFO] |  |     \- org.hamcrest:hamcrest-core:jar:1.3:compile
[INFO] |  +- org.apache.avro:avro-ipc:jar:1.8.2:compile
[INFO] |  |  +- io.netty:netty:jar:3.5.13.Final:compile
[INFO] |  |  \- org.mortbay.jetty:servlet-api:jar:2.5-20081211:compile
[INFO] |  +- org.apache.hive:hive-exec:jar:2.3.0:compile
[INFO] |  |  +- org.apache.hive:hive-vector-code-gen:jar:2.3.0:compile
[INFO] |  |  +- org.apache.hive:hive-llap-tez:jar:2.3.0:compile
[INFO] |  |  |  +- org.apache.hive:hive-common:jar:2.3.0:compile
[INFO] |  |  |  |  +- org.apache.hive:hive-storage-api:jar:2.3.0:compile
[INFO] |  |  |  |  +- org.apache.orc:orc-core:jar:1.3.3:compile
[INFO] |  |  |  |  |  \- io.airlift:aircompressor:jar:0.3:compile
[INFO] |  |  |  |  +- jline:jline:jar:2.12:compile
[INFO] |  |  |  |  +- org.eclipse.jetty.aggregate:jetty-all:jar:7.6.0.v20120127:compile
[INFO] |  |  |  |  |  +- org.apache.geronimo.specs:geronimo-jta_1.1_spec:jar:1.1.1:compile
[INFO] |  |  |  |  |  +- javax.mail:mail:jar:1.4.1:compile
[INFO] |  |  |  |  |  +- org.apache.geronimo.specs:geronimo-jaspic_1.0_spec:jar:1.0:compile
[INFO] |  |  |  |  |  +- org.apache.geronimo.specs:geronimo-annotation_1.0_spec:jar:1.1.1:compile
[INFO] |  |  |  |  |  \- asm:asm-commons:jar:3.1:compile
[INFO] |  |  |  |  |     \- asm:asm-tree:jar:3.1:compile
[INFO] |  |  |  |  +- org.eclipse.jetty.orbit:javax.servlet:jar:3.0.0.v201112011016:compile
[INFO] |  |  |  |  +- org.apache.logging.log4j:log4j-web:jar:2.6.2:compile
[INFO] |  |  |  |  +- com.tdunning:json:jar:1.8:compile
[INFO] |  |  |  |  +- io.dropwizard.metrics:metrics-core:jar:3.1.0:compile
[INFO] |  |  |  |  +- io.dropwizard.metrics:metrics-jvm:jar:3.1.0:compile
[INFO] |  |  |  |  +- io.dropwizard.metrics:metrics-json:jar:3.1.0:compile
[INFO] |  |  |  |  \- com.github.joshelser:dropwizard-metrics-hadoop-metrics2-reporter:jar:0.1.2:compile
[INFO] |  |  |  \- org.apache.hive:hive-llap-client:jar:2.3.0:compile
[INFO] |  |  |     \- org.apache.hive:hive-llap-common:jar:2.3.0:compile
[INFO] |  |  |        \- org.apache.hive:hive-serde:jar:2.3.0:compile
[INFO] |  |  |           +- org.apache.hive:hive-service-rpc:jar:2.3.0:compile
[INFO] |  |  |           |  \- org.apache.thrift:libfb303:jar:0.9.3:compile
[INFO] |  |  |           +- net.sf.opencsv:opencsv:jar:2.3:compile
[INFO] |  |  |           \- org.apache.parquet:parquet-hadoop-bundle:jar:1.8.1:compile
[INFO] |  |  +- org.apache.hive:hive-shims:jar:2.3.0:compile
[INFO] |  |  |  +- org.apache.hive.shims:hive-shims-common:jar:2.3.0:compile
[INFO] |  |  |  |  \- org.apache.thrift:libthrift:jar:0.9.3:compile
[INFO] |  |  |  +- org.apache.hive.shims:hive-shims-0.23:jar:2.3.0:runtime
[INFO] |  |  |  |  \- org.apache.hadoop:hadoop-yarn-server-resourcemanager:jar:2.7.2:runtime
[INFO] |  |  |  |     +- com.google.inject.extensions:guice-servlet:jar:3.0:runtime
[INFO] |  |  |  |     +- com.google.inject:guice:jar:3.0:runtime
[INFO] |  |  |  |     |  +- javax.inject:javax.inject:jar:1:runtime
[INFO] |  |  |  |     |  \- aopalliance:aopalliance:jar:1.0:runtime
[INFO] |  |  |  |     +- com.sun.jersey.contribs:jersey-guice:jar:1.9:runtime
[INFO] |  |  |  |     +- org.apache.hadoop:hadoop-yarn-server-applicationhistoryservice:jar:2.7.2:runtime
[INFO] |  |  |  |     +- org.apache.hadoop:hadoop-yarn-server-web-proxy:jar:2.7.2:runtime
[INFO] |  |  |  |     \- org.apache.zookeeper:zookeeper:test-jar:tests:3.4.6:runtime
[INFO] |  |  |  \- org.apache.hive.shims:hive-shims-scheduler:jar:2.3.0:runtime
[INFO] |  |  +- org.apache.logging.log4j:log4j-1.2-api:jar:2.6.2:compile
[INFO] |  |  |  +- org.apache.logging.log4j:log4j-api:jar:2.6.2:compile
[INFO] |  |  |  \- org.apache.logging.log4j:log4j-core:jar:2.6.2:compile
[INFO] |  |  +- org.apache.logging.log4j:log4j-slf4j-impl:jar:2.6.2:compile
[INFO] |  |  +- org.antlr:antlr-runtime:jar:3.5.2:compile
[INFO] |  |  +- org.antlr:ST4:jar:4.0.4:compile
[INFO] |  |  +- org.apache.ant:ant:jar:1.9.1:compile
[INFO] |  |  |  \- org.apache.ant:ant-launcher:jar:1.9.1:compile
[INFO] |  |  +- org.apache.ivy:ivy:jar:2.4.0:compile
[INFO] |  |  +- org.apache.curator:curator-framework:jar:2.7.1:compile
[INFO] |  |  +- org.apache.curator:apache-curator:pom:2.7.1:compile
[INFO] |  |  +- org.codehaus.groovy:groovy-all:jar:2.4.4:compile
[INFO] |  |  +- org.datanucleus:datanucleus-core:jar:4.1.17:compile
[INFO] |  |  +- org.apache.calcite:calcite-core:jar:1.10.0:compile
[INFO] |  |  |  +- org.apache.calcite:calcite-linq4j:jar:1.10.0:compile
[INFO] |  |  |  +- commons-dbcp:commons-dbcp:jar:1.4:compile
[INFO] |  |  |  |  \- commons-pool:commons-pool:jar:1.5.4:compile
[INFO] |  |  |  +- net.hydromatic:eigenbase-properties:jar:1.1.5:compile
[INFO] |  |  |  +- org.codehaus.janino:janino:jar:2.7.6:compile
[INFO] |  |  |  +- org.codehaus.janino:commons-compiler:jar:2.7.6:compile
[INFO] |  |  |  \- org.pentaho:pentaho-aggdesigner-algorithm:jar:5.1.5-jhyde:compile
[INFO] |  |  +- org.apache.calcite:calcite-druid:jar:1.10.0:compile
[INFO] |  |  +- org.apache.calcite.avatica:avatica:jar:1.8.0:compile
[INFO] |  |  |  \- org.apache.calcite.avatica:avatica-metrics:jar:1.8.0:compile
[INFO] |  |  \- stax:stax-api:jar:1.0.1:compile
[INFO] |  \- com.datatrees.datacenter.binlog:binlog-resovler:jar:1.0-SNAPSHOT:compile
[INFO] |     +- org.javatuples:javatuples:jar:1.1:compile
[INFO] |     \- com.callfire:avro-schema-generator:jar:0.0.1-SNAPSHOT:compile
[INFO] |        +- us.fatehi:schemacrawler-mysql:jar:14.16.03:compile
[INFO] |        |  \- us.fatehi:schemacrawler:jar:14.16.03:compile
[INFO] |        \- org.modeshape:modeshape-common:jar:5.3.0.Final:compile
[INFO] |           \- com.h2database:h2:jar:1.4.191:compile
[INFO] +- org.slf4j:slf4j-api:jar:1.7.21:compile
[INFO] +- ch.qos.logback:logback-core:jar:1.1.7:compile
[INFO] +- ch.qos.logback:logback-classic:jar:1.1.7:compile
[INFO] \- com.google.guava:guava:jar:13.0.1:compile
[INFO] 
[INFO] ------------< com.datatrees.datacenter.binlog:binlog-main >-------------
[INFO] Building binlog-main 1.0-SNAPSHOT                                  [9/9]
[INFO] --------------------------------[ jar ]---------------------------------
Downloading from nexus: http://192.168.5.252:8081/nexus/content/groups/public/com/datatrees/datacenter/binlog/binlog-file/1.0-SNAPSHOT/maven-metadata.xml
Progress (1): 960 B                   Downloaded from nexus: http://192.168.5.252:8081/nexus/content/groups/public/com/datatrees/datacenter/binlog/binlog-file/1.0-SNAPSHOT/maven-metadata.xml (960 B at 44 kB/s)
Downloading from nexus: http://192.168.5.252:8081/nexus/content/groups/public/com/datatrees/datacenter/binlog/binlog-service/1.0-SNAPSHOT/maven-metadata.xml
Progress (1): 963 B                   Downloaded from nexus: http://192.168.5.252:8081/nexus/content/groups/public/com/datatrees/datacenter/binlog/binlog-service/1.0-SNAPSHOT/maven-metadata.xml (963 B at 37 kB/s)
Downloading from nexus: http://192.168.5.252:8081/nexus/content/groups/public/com/datatrees/datacenter/binlog/binlog-repair/1.0-SNAPSHOT/maven-metadata.xml
Downloading from nexus: http://192.168.5.252:8081/nexus/content/groups/public/com/datatrees/datacenter/binlog/binlog-repair/1.0-SNAPSHOT/binlog-repair-1.0-SNAPSHOT.jar
[INFO] ------------------------------------------------------------------------
[INFO] Reactor Summary:
[INFO] 
[INFO] binlog-processor 1.0-SNAPSHOT ...................... SUCCESS [  1.342 s]
[INFO] binlog-core ........................................ SUCCESS [  0.851 s]
[INFO] binlog-file ........................................ SUCCESS [  0.318 s]
[INFO] binlog-resovler .................................... SUCCESS [  0.293 s]
[INFO] binlog-comparer .................................... SUCCESS [  3.079 s]
[INFO] binlog-api ......................................... SUCCESS [  0.014 s]
[INFO] binlog-service ..................................... SUCCESS [  0.270 s]
[INFO] binlog-repair ...................................... SUCCESS [  0.333 s]
[INFO] binlog-main 1.0-SNAPSHOT ........................... FAILURE [  0.166 s]
[INFO] ------------------------------------------------------------------------
[INFO] BUILD FAILURE
[INFO] ------------------------------------------------------------------------
[INFO] Total time: 7.676 s
[INFO] Finished at: 2018-09-16T14:26:52+08:00
[INFO] ------------------------------------------------------------------------
[ERROR] Failed to execute goal on project binlog-main: Could not resolve dependencies for project com.datatrees.datacenter.binlog:binlog-main:jar:1.0-SNAPSHOT: Could not find artifact com.datatrees.datacenter.binlog:binlog-repair:jar:1.0-SNAPSHOT in nexus (http://192.168.5.252:8081/nexus/content/groups/public/) -> [Help 1]
[ERROR] 
[ERROR] To see the full stack trace of the errors, re-run Maven with the -e switch.
[ERROR] Re-run Maven using the -X switch to enable full debug logging.
[ERROR] 
[ERROR] For more information about the errors and possible solutions, please read the following articles:
[ERROR] [Help 1] http://cwiki.apache.org/confluence/display/MAVEN/DependencyResolutionException
[ERROR] 
[ERROR] After correcting the problems, you can resume the build with the command
[ERROR]   mvn <goals> -rf :binlog-main
