2018-06-04 11:53:33 [ INFO] - com.datatrees.datacenter.transfer.utility.FileUtil -FileUtil.java(33) -Load resource file:/Users/personalc/project/binlog-processor/binlog-file/target/classes/instance.properties successful!
2018-06-04 11:53:34 [ INFO] - com.datatrees.datacenter.transfer.utility.FileUtil -FileUtil.java(33) -Load resource file:/Users/personalc/project/binlog-processor/binlog-file/target/classes/instance.properties successful!
2018-06-04 11:53:34 [ INFO] - com.mchange.v2.log.MLog -MLog.java(92) -MLog clients using log4j logging.
2018-06-04 11:53:34 [ INFO] - com.mchange.v2.c3p0.C3P0Registry -C3P0Registry.java(216) -Initializing c3p0-0.9.2.1 [built 20-March-2013 10:47:27 +0000; debug? true; trace: 10]
2018-06-04 11:53:34 [ INFO] - com.mchange.v2.c3p0.impl.AbstractPoolBackedDataSource -AbstractPoolBackedDataSource.java(522) -Initializing c3p0 pool... com.mchange.v2.c3p0.ComboPooledDataSource [ acquireIncrement -> 1, acquireRetryAttempts -> 30, acquireRetryDelay -> 1000, autoCommitOnClose -> false, automaticTestTable -> null, breakAfterAcquireFailure -> true, checkoutTimeout -> 0, connectionCustomizerClassName -> null, connectionTesterClassName -> com.mchange.v2.c3p0.impl.DefaultConnectionTester, dataSourceName -> 1hgf4p79v1jr0qyz1v3kyid|6321e813, debugUnreturnedConnectionStackTraces -> false, description -> null, driverClass -> com.mysql.jdbc.Driver, factoryClassLocation -> null, forceIgnoreUnresolvedTransactions -> false, identityToken -> 1hgf4p79v1jr0qyz1v3kyid|6321e813, idleConnectionTestPeriod -> 60, initialPoolSize -> 3, jdbcUrl -> jdbc:mysql://master1:3306/my_test?characterEncoding=utf8, maxAdministrativeTaskTime -> 0, maxConnectionAge -> 0, maxIdleTime -> 3000, maxIdleTimeExcessConnections -> 0, maxPoolSize -> 10, maxStatements -> 0, maxStatementsPerConnection -> 0, minPoolSize -> 3, numHelperThreads -> 3, preferredTestQuery -> null, properties -> {user=******, password=******}, propertyCycle -> 0, statementCacheNumDeferredCloseThreads -> 0, testConnectionOnCheckin -> true, testConnectionOnCheckout -> true, unreturnedConnectionTimeout -> 0, userOverrides -> {}, usesTraditionalReflectiveProxies -> false ]
2018-06-04 11:53:35 [ INFO] - com.datatrees.datacenter.transfer.utility.FileUtil -FileUtil.java(33) -Load resource file:/Users/personalc/project/binlog-processor/binlog-file/target/classes/instance.properties successful!
2018-06-04 13:52:58 [ INFO] - com.datatrees.datacenter.transfer.utility.FileUtil -FileUtil.java(33) -Load resource file:/Users/personalc/project/binlog-processor/binlog-file/target/classes/instance.properties successful!
2018-06-04 13:52:59 [ INFO] - com.datatrees.datacenter.transfer.utility.FileUtil -FileUtil.java(33) -Load resource file:/Users/personalc/project/binlog-processor/binlog-file/target/classes/instance.properties successful!
2018-06-04 13:52:59 [ INFO] - com.mchange.v2.log.MLog -MLog.java(92) -MLog clients using log4j logging.
2018-06-04 13:52:59 [ INFO] - com.mchange.v2.c3p0.C3P0Registry -C3P0Registry.java(216) -Initializing c3p0-0.9.2.1 [built 20-March-2013 10:47:27 +0000; debug? true; trace: 10]
2018-06-04 13:52:59 [ INFO] - com.mchange.v2.c3p0.impl.AbstractPoolBackedDataSource -AbstractPoolBackedDataSource.java(522) -Initializing c3p0 pool... com.mchange.v2.c3p0.ComboPooledDataSource [ acquireIncrement -> 1, acquireRetryAttempts -> 30, acquireRetryDelay -> 1000, autoCommitOnClose -> false, automaticTestTable -> null, breakAfterAcquireFailure -> true, checkoutTimeout -> 0, connectionCustomizerClassName -> null, connectionTesterClassName -> com.mchange.v2.c3p0.impl.DefaultConnectionTester, dataSourceName -> 1hgf4p79v1jvabg91xb1em1|6321e813, debugUnreturnedConnectionStackTraces -> false, description -> null, driverClass -> com.mysql.jdbc.Driver, factoryClassLocation -> null, forceIgnoreUnresolvedTransactions -> false, identityToken -> 1hgf4p79v1jvabg91xb1em1|6321e813, idleConnectionTestPeriod -> 60, initialPoolSize -> 3, jdbcUrl -> jdbc:mysql://master1:3306/my_test?characterEncoding=utf8, maxAdministrativeTaskTime -> 0, maxConnectionAge -> 0, maxIdleTime -> 3000, maxIdleTimeExcessConnections -> 0, maxPoolSize -> 10, maxStatements -> 0, maxStatementsPerConnection -> 0, minPoolSize -> 3, numHelperThreads -> 3, preferredTestQuery -> null, properties -> {user=******, password=******}, propertyCycle -> 0, statementCacheNumDeferredCloseThreads -> 0, testConnectionOnCheckin -> true, testConnectionOnCheckout -> true, unreturnedConnectionTimeout -> 0, userOverrides -> {}, usesTraditionalReflectiveProxies -> false ]
2018-06-04 13:53:00 [ INFO] - com.datatrees.datacenter.transfer.utility.FileUtil -FileUtil.java(33) -Load resource file:/Users/personalc/project/binlog-processor/binlog-file/target/classes/instance.properties successful!
2018-06-04 13:53:01 [ INFO] - com.datatrees.datacenter.transfer.utility.BinLogFileUtil -BinLogFileUtil.java(88) -totalRecordCount: 8
2018-06-04 13:53:01 [ INFO] - com.datatrees.datacenter.transfer.utility.BinLogFileUtil -BinLogFileUtil.java(91) -pageCount: 1
2018-06-04 13:53:01 [ INFO] - com.datatrees.datacenter.transfer.utility.BinLogFileUtil -BinLogFileUtil.java(101) -PageRecordCount: 8
2018-06-04 13:53:01 [ INFO] - com.datatrees.datacenter.transfer.utility.FileUtil -FileUtil.java(33) -Load resource file:/Users/personalc/project/binlog-processor/binlog-file/target/classes/instance.properties successful!
2018-06-04 13:53:01 [ INFO] - com.datatrees.datacenter.transfer.process.BinLogTransfer -BinLogTransfer.java(112) -file size: 512000
2018-06-04 13:53:01 [ INFO] - com.datatrees.datacenter.transfer.process.BinLogTransfer -BinLogTransfer.java(113) -begin download binlog file :[http://rdslog-hangzhou-finance.oss-cn-hzfinance.aliyuncs.com/custins5085113/hostins4500933/mysql-bin.000118.tar?OSSAccessKeyId=LTAITfQ7krsrEwRn&Expires=1528177981&Signature=xLvmcVIXnlc2W97D0srnM6JxZOI%3D]
2018-06-04 13:53:02 [ INFO] - com.datatrees.datacenter.transfer.utility.FileUtil -FileUtil.java(33) -Load resource file:/Users/personalc/project/binlog-processor/binlog-file/target/classes/instance.properties successful!
2018-06-04 13:53:02 [ WARN] - org.apache.hadoop.util.NativeCodeLoader -NativeCodeLoader.java(62) -Unable to load native-hadoop library for your platform... using builtin-java classes where applicable
2018-06-04 13:53:03 [ INFO] - com.datatrees.datacenter.transfer.process.TransferProcess -TransferProcess.java(131) -the file length:  512000
2018-06-04 13:53:03 [ INFO] - com.datatrees.datacenter.transfer.process.TransferProcess -TransferProcess.java(78) -Thread :main, start= 20480,  end= 512000
2018-06-04 13:53:03 [ INFO] - com.datatrees.datacenter.transfer.process.TransThread -TransThread.java(76) -bytes=20480-
2018-06-04 13:53:06 [ INFO] - com.datatrees.datacenter.transfer.process.TransferProcess -TransferProcess.java(92) -file transfer over
2018-06-04 13:53:06 [ INFO] - com.datatrees.datacenter.transfer.process.BinLogTransfer -BinLogTransfer.java(151) -download binlog file :http://rdslog-hangzhou-finance.oss-cn-hzfinance.aliyuncs.com/custins5085113/hostins4500933/mysql-bin.000118.tar?OSSAccessKeyId=LTAITfQ7krsrEwRn&Expires=1528177981&Signature=xLvmcVIXnlc2W97D0srnM6JxZOI%3D successfully
2018-06-04 13:53:06 [ INFO] - com.datatrees.datacenter.transfer.process.BinLogTransfer -BinLogTransfer.java(112) -file size: 512000
2018-06-04 13:53:06 [ INFO] - com.datatrees.datacenter.transfer.process.BinLogTransfer -BinLogTransfer.java(113) -begin download binlog file :[http://rdslog-hangzhou-finance.oss-cn-hzfinance.aliyuncs.com/custins5085113/hostins4500933/mysql-bin.000117.tar?OSSAccessKeyId=LTAITfQ7krsrEwRn&Expires=1528177981&Signature=n2RfuSGmelSVbaJKk3uUZ8kaUEQ%3D]
2018-06-04 13:53:06 [ INFO] - com.datatrees.datacenter.transfer.process.TransferProcess -TransferProcess.java(131) -the file length:  512000
2018-06-04 13:53:06 [ INFO] - com.datatrees.datacenter.transfer.process.TransferProcess -TransferProcess.java(78) -Thread :main, start= 17408,  end= 512000
2018-06-04 13:53:06 [ INFO] - com.datatrees.datacenter.transfer.process.TransThread -TransThread.java(76) -bytes=17408-
2018-06-04 13:53:09 [ INFO] - com.datatrees.datacenter.transfer.process.TransferProcess -TransferProcess.java(92) -file transfer over
2018-06-04 13:53:09 [ INFO] - com.datatrees.datacenter.transfer.process.BinLogTransfer -BinLogTransfer.java(151) -download binlog file :http://rdslog-hangzhou-finance.oss-cn-hzfinance.aliyuncs.com/custins5085113/hostins4500933/mysql-bin.000117.tar?OSSAccessKeyId=LTAITfQ7krsrEwRn&Expires=1528177981&Signature=n2RfuSGmelSVbaJKk3uUZ8kaUEQ%3D successfully
2018-06-04 13:53:09 [ INFO] - com.datatrees.datacenter.transfer.process.BinLogTransfer -BinLogTransfer.java(112) -file size: 542720
2018-06-04 13:53:09 [ INFO] - com.datatrees.datacenter.transfer.process.BinLogTransfer -BinLogTransfer.java(113) -begin download binlog file :[http://rdslog-hangzhou-finance.oss-cn-hzfinance.aliyuncs.com/custins5085113/hostins4500933/mysql-bin.000116.tar?OSSAccessKeyId=LTAITfQ7krsrEwRn&Expires=1528177981&Signature=z4KaJoFdZKnNDie3BmdRi3BFWXc%3D]
2018-06-04 13:53:10 [ INFO] - com.datatrees.datacenter.transfer.process.TransferProcess -TransferProcess.java(131) -the file length:  542720
2018-06-04 13:53:10 [ INFO] - com.datatrees.datacenter.transfer.process.TransferProcess -TransferProcess.java(78) -Thread :main, start= 542720,  end= 542720
2018-06-04 13:53:10 [ INFO] - com.datatrees.datacenter.transfer.utility.FileUtil -FileUtil.java(33) -Load resource file:/Users/personalc/project/binlog-processor/binlog-file/target/classes/instance.properties successful!
2018-06-04 13:53:13 [ INFO] - com.datatrees.datacenter.transfer.process.TransferProcess -TransferProcess.java(92) -file transfer over
2018-06-04 13:53:13 [ INFO] - com.datatrees.datacenter.transfer.process.BinLogTransfer -BinLogTransfer.java(151) -download binlog file :http://rdslog-hangzhou-finance.oss-cn-hzfinance.aliyuncs.com/custins5085113/hostins4500933/mysql-bin.000116.tar?OSSAccessKeyId=LTAITfQ7krsrEwRn&Expires=1528177981&Signature=z4KaJoFdZKnNDie3BmdRi3BFWXc%3D successfully
2018-06-04 13:53:13 [ INFO] - com.datatrees.datacenter.transfer.process.BinLogTransfer -BinLogTransfer.java(112) -file size: 512000
2018-06-04 13:53:13 [ INFO] - com.datatrees.datacenter.transfer.process.BinLogTransfer -BinLogTransfer.java(113) -begin download binlog file :[http://rdslog-hangzhou-finance.oss-cn-hzfinance.aliyuncs.com/custins5085113/hostins4500933/mysql-bin.000115.tar?OSSAccessKeyId=LTAITfQ7krsrEwRn&Expires=1528177981&Signature=X4yLOXB0Wrj4EVFR1%2F915PyLcCY%3D]
2018-06-04 13:53:14 [ INFO] - com.datatrees.datacenter.transfer.process.TransferProcess -TransferProcess.java(131) -the file length:  512000
2018-06-04 13:53:14 [ INFO] - com.datatrees.datacenter.transfer.process.TransferProcess -TransferProcess.java(78) -Thread :main, start= 512000,  end= 512000
2018-06-04 13:53:14 [ INFO] - com.datatrees.datacenter.transfer.utility.FileUtil -FileUtil.java(33) -Load resource file:/Users/personalc/project/binlog-processor/binlog-file/target/classes/instance.properties successful!
2018-06-04 13:53:17 [ INFO] - com.datatrees.datacenter.transfer.process.TransferProcess -TransferProcess.java(92) -file transfer over
2018-06-04 13:53:17 [ INFO] - com.datatrees.datacenter.transfer.process.BinLogTransfer -BinLogTransfer.java(151) -download binlog file :http://rdslog-hangzhou-finance.oss-cn-hzfinance.aliyuncs.com/custins5085113/hostins4500933/mysql-bin.000115.tar?OSSAccessKeyId=LTAITfQ7krsrEwRn&Expires=1528177981&Signature=X4yLOXB0Wrj4EVFR1%2F915PyLcCY%3D successfully
2018-06-04 13:53:17 [ INFO] - com.datatrees.datacenter.transfer.process.BinLogTransfer -BinLogTransfer.java(67) -2018-06-01T02:33:17Z
2018-06-04 13:53:17 [ INFO] - com.datatrees.datacenter.transfer.process.BinLogTransfer -BinLogTransfer.java(70) -2018-06-04T13:53:17Z
2018-06-04 13:53:17 [ INFO] - com.aliyuncs.rds.model.v20140815.DescribeDBInstancesResponse$DBInstance -DBInstanceUtil.java(71) -pageCount: 1
2018-06-04 13:53:17 [ INFO] - com.datatrees.datacenter.transfer.utility.BinLogFileUtil -BinLogFileUtil.java(88) -totalRecordCount: 24
2018-06-04 13:53:17 [ INFO] - com.datatrees.datacenter.transfer.utility.BinLogFileUtil -BinLogFileUtil.java(91) -pageCount: 1
2018-06-04 13:53:17 [ INFO] - com.datatrees.datacenter.transfer.utility.BinLogFileUtil -BinLogFileUtil.java(101) -PageRecordCount: 24
2018-06-04 13:53:18 [ INFO] - com.datatrees.datacenter.transfer.process.BinLogTransfer -BinLogTransfer.java(112) -file size: 512000
2018-06-04 13:53:18 [ INFO] - com.datatrees.datacenter.transfer.process.BinLogTransfer -BinLogTransfer.java(113) -begin download binlog file :[http://rdslog-hangzhou-finance.oss-cn-hzfinance.aliyuncs.com/custins5085113/hostins4500933/mysql-bin.000142.tar?OSSAccessKeyId=LTAITfQ7krsrEwRn&Expires=1528177997&Signature=wfNnvXCs%2Ff44b1wG%2BcKZ%2FpESmN4%3D]
2018-06-04 13:53:19 [ INFO] - com.datatrees.datacenter.transfer.process.TransferProcess -TransferProcess.java(131) -the file length:  512000
2018-06-04 13:53:19 [ INFO] - com.datatrees.datacenter.transfer.process.TransferProcess -TransferProcess.java(131) -the file length:  512000
2018-06-04 13:53:19 [ INFO] - com.datatrees.datacenter.transfer.process.TransferProcess -TransferProcess.java(78) -Thread :main, start= 0,  end= 512000
2018-06-04 13:53:19 [ INFO] - com.datatrees.datacenter.transfer.process.TransThread -TransThread.java(76) -bytes=0-
2018-06-05 15:28:40 [ INFO] - com.datatrees.datacenter.transfer.utility.FileUtil -FileUtil.java(33) -Load resource file:/Users/personalc/project/binlog-processor/binlog-file/target/classes/instance.properties successful!
2018-06-05 20:30:49 [ERROR] - com.datatrees.datacenter.core.utility.PropertiesUtility -PropertiesUtility.java(16) -
java.lang.NullPointerException
	at java.util.Properties$LineReader.readLine(Properties.java:434)
	at java.util.Properties.load0(Properties.java:353)
	at java.util.Properties.load(Properties.java:341)
	at com.datatrees.datacenter.core.utility.PropertiesUtility.load(PropertiesUtility.java:13)
	at com.datatrees.datacenter.core.utility.DBConnectionPool.<init>(DBConnectionPool.java:28)
	at com.datatrees.datacenter.core.utility.DBConnectionPool.getInstance(DBConnectionPool.java:89)
	at com.datatrees.datacenter.transfer.process.SendCheck.getSendFailuredRecord(SendCheck.java:28)
	at com.datatrees.datacenter.transfer.process.SendCheck.main(SendCheck.java:18)
2018-06-05 20:30:55 [ERROR] - com.datatrees.datacenter.core.utility.PropertiesUtility -PropertiesUtility.java(16) -
java.lang.NullPointerException
	at java.util.Properties$LineReader.readLine(Properties.java:434)
	at java.util.Properties.load0(Properties.java:353)
	at java.util.Properties.load(Properties.java:341)
	at com.datatrees.datacenter.core.utility.PropertiesUtility.load(PropertiesUtility.java:13)
	at com.datatrees.datacenter.core.utility.DBConnectionPool.<init>(DBConnectionPool.java:28)
	at com.datatrees.datacenter.core.utility.DBConnectionPool.getInstance(DBConnectionPool.java:89)
	at com.datatrees.datacenter.transfer.process.SendCheck.getSendFailuredRecord(SendCheck.java:28)
	at com.datatrees.datacenter.transfer.process.SendCheck.main(SendCheck.java:18)
2018-06-05 20:34:41 [ERROR] - com.datatrees.datacenter.core.utility.PropertiesUtility -PropertiesUtility.java(16) -
java.lang.NullPointerException
	at java.util.Properties$LineReader.readLine(Properties.java:434)
	at java.util.Properties.load0(Properties.java:353)
	at java.util.Properties.load(Properties.java:341)
	at com.datatrees.datacenter.core.utility.PropertiesUtility.load(PropertiesUtility.java:13)
	at com.datatrees.datacenter.core.utility.DBConnectionPool.<init>(DBConnectionPool.java:28)
	at com.datatrees.datacenter.core.utility.DBConnectionPool.getInstance(DBConnectionPool.java:89)
	at com.datatrees.datacenter.transfer.process.SendCheck.getSendFailuredRecord(SendCheck.java:28)
	at com.datatrees.datacenter.transfer.process.SendCheck.main(SendCheck.java:18)
2018-06-05 20:34:44 [ INFO] - com.mchange.v2.log.MLog -MLog.java(92) -MLog clients using log4j logging.
2018-06-05 20:34:45 [ INFO] - com.mchange.v2.c3p0.C3P0Registry -C3P0Registry.java(216) -Initializing c3p0-0.9.2.1 [built 20-March-2013 10:47:27 +0000; debug? true; trace: 10]
2018-06-05 20:34:45 [ INFO] - com.mchange.v2.c3p0.impl.AbstractPoolBackedDataSource -AbstractPoolBackedDataSource.java(522) -Initializing c3p0 pool... com.mchange.v2.c3p0.ComboPooledDataSource [ acquireIncrement -> 1, acquireRetryAttempts -> 30, acquireRetryDelay -> 1000, autoCommitOnClose -> false, automaticTestTable -> null, breakAfterAcquireFailure -> true, checkoutTimeout -> 0, connectionCustomizerClassName -> null, connectionTesterClassName -> com.mchange.v2.c3p0.impl.DefaultConnectionTester, dataSourceName -> 1hgf4p79v1lp2u2m1jf5eaa|1ef7fe8e, debugUnreturnedConnectionStackTraces -> false, description -> null, driverClass -> com.mysql.jdbc.Driver, factoryClassLocation -> null, forceIgnoreUnresolvedTransactions -> false, identityToken -> 1hgf4p79v1lp2u2m1jf5eaa|1ef7fe8e, idleConnectionTestPeriod -> 60, initialPoolSize -> 3, jdbcUrl -> jdbc:mysql://master1:3306/my_test?characterEncoding=utf8, maxAdministrativeTaskTime -> 0, maxConnectionAge -> 0, maxIdleTime -> 3000, maxIdleTimeExcessConnections -> 0, maxPoolSize -> 10, maxStatements -> 0, maxStatementsPerConnection -> 0, minPoolSize -> 3, numHelperThreads -> 3, preferredTestQuery -> null, properties -> {user=******, password=******}, propertyCycle -> 0, statementCacheNumDeferredCloseThreads -> 0, testConnectionOnCheckin -> true, testConnectionOnCheckout -> true, unreturnedConnectionTimeout -> 0, userOverrides -> {}, usesTraditionalReflectiveProxies -> false ]
2018-06-05 20:35:34 [ INFO] - com.mchange.v2.log.MLog -MLog.java(92) -MLog clients using log4j logging.
2018-06-05 20:35:34 [ INFO] - com.mchange.v2.c3p0.C3P0Registry -C3P0Registry.java(216) -Initializing c3p0-0.9.2.1 [built 20-March-2013 10:47:27 +0000; debug? true; trace: 10]
2018-06-05 20:35:35 [ INFO] - com.mchange.v2.c3p0.impl.AbstractPoolBackedDataSource -AbstractPoolBackedDataSource.java(522) -Initializing c3p0 pool... com.mchange.v2.c3p0.ComboPooledDataSource [ acquireIncrement -> 1, acquireRetryAttempts -> 30, acquireRetryDelay -> 1000, autoCommitOnClose -> false, automaticTestTable -> null, breakAfterAcquireFailure -> true, checkoutTimeout -> 0, connectionCustomizerClassName -> null, connectionTesterClassName -> com.mchange.v2.c3p0.impl.DefaultConnectionTester, dataSourceName -> 1hgf4p79v1lp3wkdzm9ex1|1ef7fe8e, debugUnreturnedConnectionStackTraces -> false, description -> null, driverClass -> com.mysql.jdbc.Driver, factoryClassLocation -> null, forceIgnoreUnresolvedTransactions -> false, identityToken -> 1hgf4p79v1lp3wkdzm9ex1|1ef7fe8e, idleConnectionTestPeriod -> 60, initialPoolSize -> 3, jdbcUrl -> jdbc:mysql://master1:3306/my_test?characterEncoding=utf8, maxAdministrativeTaskTime -> 0, maxConnectionAge -> 0, maxIdleTime -> 3000, maxIdleTimeExcessConnections -> 0, maxPoolSize -> 10, maxStatements -> 0, maxStatementsPerConnection -> 0, minPoolSize -> 3, numHelperThreads -> 3, preferredTestQuery -> null, properties -> {user=******, password=******}, propertyCycle -> 0, statementCacheNumDeferredCloseThreads -> 0, testConnectionOnCheckin -> true, testConnectionOnCheckout -> true, unreturnedConnectionTimeout -> 0, userOverrides -> {}, usesTraditionalReflectiveProxies -> false ]
